Start testing: Apr 24 09:30 RTZ 2 (çèìà)
----------------------------------------------------------
1/80 Testing: DynamicArray.DefaultConstructor
1/80 Test: DynamicArray.DefaultConstructor
Command: "C:/Users/krove44/CLionProjects/second_laba/build/Debug/tests.exe" "--gtest_filter=DynamicArray.DefaultConstructor" "--gtest_also_run_disabled_tests"
Directory: C:/Users/krove44/CLionProjects/second_laba/build
"DynamicArray.DefaultConstructor" start time: Apr 24 09:30 RTZ 2 (çèìà)
Output:
----------------------------------------------------------
Running main() from C:\Users\krove44\CLionProjects\second_laba\build\_deps\googletest-src\googletest\src\gtest_main.cc
Note: Google Test filter = DynamicArray.DefaultConstructor
[==========] Running 1 test from 1 test suite.
[----------] Global test environment set-up.
[----------] 1 test from DynamicArray
[ RUN      ] DynamicArray.DefaultConstructor
[       OK ] DynamicArray.DefaultConstructor (0 ms)
[----------] 1 test from DynamicArray (0 ms total)

[----------] Global test environment tear-down
[==========] 1 test from 1 test suite ran. (0 ms total)
[  PASSED  ] 1 test.
<end of output>
Test time =   0.03 sec
----------------------------------------------------------
Test Passed.
"DynamicArray.DefaultConstructor" end time: Apr 24 09:30 RTZ 2 (çèìà)
"DynamicArray.DefaultConstructor" time elapsed: 00:00:00
----------------------------------------------------------

2/80 Testing: DynamicArray.SizeConstructor
2/80 Test: DynamicArray.SizeConstructor
Command: "C:/Users/krove44/CLionProjects/second_laba/build/Debug/tests.exe" "--gtest_filter=DynamicArray.SizeConstructor" "--gtest_also_run_disabled_tests"
Directory: C:/Users/krove44/CLionProjects/second_laba/build
"DynamicArray.SizeConstructor" start time: Apr 24 09:30 RTZ 2 (çèìà)
Output:
----------------------------------------------------------
Running main() from C:\Users\krove44\CLionProjects\second_laba\build\_deps\googletest-src\googletest\src\gtest_main.cc
Note: Google Test filter = DynamicArray.SizeConstructor
[==========] Running 1 test from 1 test suite.
[----------] Global test environment set-up.
[----------] 1 test from DynamicArray
[ RUN      ] DynamicArray.SizeConstructor
[       OK ] DynamicArray.SizeConstructor (0 ms)
[----------] 1 test from DynamicArray (0 ms total)

[----------] Global test environment tear-down
[==========] 1 test from 1 test suite ran. (0 ms total)
[  PASSED  ] 1 test.
<end of output>
Test time =   0.03 sec
----------------------------------------------------------
Test Passed.
"DynamicArray.SizeConstructor" end time: Apr 24 09:30 RTZ 2 (çèìà)
"DynamicArray.SizeConstructor" time elapsed: 00:00:00
----------------------------------------------------------

3/80 Testing: DynamicArray.NegativeSizeThrows
3/80 Test: DynamicArray.NegativeSizeThrows
Command: "C:/Users/krove44/CLionProjects/second_laba/build/Debug/tests.exe" "--gtest_filter=DynamicArray.NegativeSizeThrows" "--gtest_also_run_disabled_tests"
Directory: C:/Users/krove44/CLionProjects/second_laba/build
"DynamicArray.NegativeSizeThrows" start time: Apr 24 09:30 RTZ 2 (çèìà)
Output:
----------------------------------------------------------
Running main() from C:\Users\krove44\CLionProjects\second_laba\build\_deps\googletest-src\googletest\src\gtest_main.cc
Note: Google Test filter = DynamicArray.NegativeSizeThrows
[==========] Running 1 test from 1 test suite.
[----------] Global test environment set-up.
[----------] 1 test from DynamicArray
[ RUN      ] DynamicArray.NegativeSizeThrows
[       OK ] DynamicArray.NegativeSizeThrows (0 ms)
[----------] 1 test from DynamicArray (0 ms total)

[----------] Global test environment tear-down
[==========] 1 test from 1 test suite ran. (0 ms total)
[  PASSED  ] 1 test.
<end of output>
Test time =   0.02 sec
----------------------------------------------------------
Test Passed.
"DynamicArray.NegativeSizeThrows" end time: Apr 24 09:30 RTZ 2 (çèìà)
"DynamicArray.NegativeSizeThrows" time elapsed: 00:00:00
----------------------------------------------------------

4/80 Testing: DynamicArray.FromArrayConstructor
4/80 Test: DynamicArray.FromArrayConstructor
Command: "C:/Users/krove44/CLionProjects/second_laba/build/Debug/tests.exe" "--gtest_filter=DynamicArray.FromArrayConstructor" "--gtest_also_run_disabled_tests"
Directory: C:/Users/krove44/CLionProjects/second_laba/build
"DynamicArray.FromArrayConstructor" start time: Apr 24 09:30 RTZ 2 (çèìà)
Output:
----------------------------------------------------------
Running main() from C:\Users\krove44\CLionProjects\second_laba\build\_deps\googletest-src\googletest\src\gtest_main.cc
Note: Google Test filter = DynamicArray.FromArrayConstructor
[==========] Running 1 test from 1 test suite.
[----------] Global test environment set-up.
[----------] 1 test from DynamicArray
[ RUN      ] DynamicArray.FromArrayConstructor
[       OK ] DynamicArray.FromArrayConstructor (0 ms)
[----------] 1 test from DynamicArray (0 ms total)

[----------] Global test environment tear-down
[==========] 1 test from 1 test suite ran. (0 ms total)
[  PASSED  ] 1 test.
<end of output>
Test time =   0.02 sec
----------------------------------------------------------
Test Passed.
"DynamicArray.FromArrayConstructor" end time: Apr 24 09:30 RTZ 2 (çèìà)
"DynamicArray.FromArrayConstructor" time elapsed: 00:00:00
----------------------------------------------------------

5/80 Testing: DynamicArray.NullptrConstructorThrows
5/80 Test: DynamicArray.NullptrConstructorThrows
Command: "C:/Users/krove44/CLionProjects/second_laba/build/Debug/tests.exe" "--gtest_filter=DynamicArray.NullptrConstructorThrows" "--gtest_also_run_disabled_tests"
Directory: C:/Users/krove44/CLionProjects/second_laba/build
"DynamicArray.NullptrConstructorThrows" start time: Apr 24 09:30 RTZ 2 (çèìà)
Output:
----------------------------------------------------------
Running main() from C:\Users\krove44\CLionProjects\second_laba\build\_deps\googletest-src\googletest\src\gtest_main.cc
Note: Google Test filter = DynamicArray.NullptrConstructorThrows
[==========] Running 1 test from 1 test suite.
[----------] Global test environment set-up.
[----------] 1 test from DynamicArray
[ RUN      ] DynamicArray.NullptrConstructorThrows
[       OK ] DynamicArray.NullptrConstructorThrows (0 ms)
[----------] 1 test from DynamicArray (0 ms total)

[----------] Global test environment tear-down
[==========] 1 test from 1 test suite ran. (0 ms total)
[  PASSED  ] 1 test.
<end of output>
Test time =   0.02 sec
----------------------------------------------------------
Test Passed.
"DynamicArray.NullptrConstructorThrows" end time: Apr 24 09:30 RTZ 2 (çèìà)
"DynamicArray.NullptrConstructorThrows" time elapsed: 00:00:00
----------------------------------------------------------

6/80 Testing: DynamicArray.SetAndGet
6/80 Test: DynamicArray.SetAndGet
Command: "C:/Users/krove44/CLionProjects/second_laba/build/Debug/tests.exe" "--gtest_filter=DynamicArray.SetAndGet" "--gtest_also_run_disabled_tests"
Directory: C:/Users/krove44/CLionProjects/second_laba/build
"DynamicArray.SetAndGet" start time: Apr 24 09:30 RTZ 2 (çèìà)
Output:
----------------------------------------------------------
Running main() from C:\Users\krove44\CLionProjects\second_laba\build\_deps\googletest-src\googletest\src\gtest_main.cc
Note: Google Test filter = DynamicArray.SetAndGet
[==========] Running 1 test from 1 test suite.
[----------] Global test environment set-up.
[----------] 1 test from DynamicArray
[ RUN      ] DynamicArray.SetAndGet
[       OK ] DynamicArray.SetAndGet (0 ms)
[----------] 1 test from DynamicArray (0 ms total)

[----------] Global test environment tear-down
[==========] 1 test from 1 test suite ran. (0 ms total)
[  PASSED  ] 1 test.
<end of output>
Test time =   0.02 sec
----------------------------------------------------------
Test Passed.
"DynamicArray.SetAndGet" end time: Apr 24 09:30 RTZ 2 (çèìà)
"DynamicArray.SetAndGet" time elapsed: 00:00:00
----------------------------------------------------------

7/80 Testing: DynamicArray.OutOfRangeAccess
7/80 Test: DynamicArray.OutOfRangeAccess
Command: "C:/Users/krove44/CLionProjects/second_laba/build/Debug/tests.exe" "--gtest_filter=DynamicArray.OutOfRangeAccess" "--gtest_also_run_disabled_tests"
Directory: C:/Users/krove44/CLionProjects/second_laba/build
"DynamicArray.OutOfRangeAccess" start time: Apr 24 09:30 RTZ 2 (çèìà)
Output:
----------------------------------------------------------
Running main() from C:\Users\krove44\CLionProjects\second_laba\build\_deps\googletest-src\googletest\src\gtest_main.cc
Note: Google Test filter = DynamicArray.OutOfRangeAccess
[==========] Running 1 test from 1 test suite.
[----------] Global test environment set-up.
[----------] 1 test from DynamicArray
[ RUN      ] DynamicArray.OutOfRangeAccess
[       OK ] DynamicArray.OutOfRangeAccess (0 ms)
[----------] 1 test from DynamicArray (0 ms total)

[----------] Global test environment tear-down
[==========] 1 test from 1 test suite ran. (0 ms total)
[  PASSED  ] 1 test.
<end of output>
Test time =   0.02 sec
----------------------------------------------------------
Test Passed.
"DynamicArray.OutOfRangeAccess" end time: Apr 24 09:30 RTZ 2 (çèìà)
"DynamicArray.OutOfRangeAccess" time elapsed: 00:00:00
----------------------------------------------------------

8/80 Testing: DynamicArray.OperatorAccess
8/80 Test: DynamicArray.OperatorAccess
Command: "C:/Users/krove44/CLionProjects/second_laba/build/Debug/tests.exe" "--gtest_filter=DynamicArray.OperatorAccess" "--gtest_also_run_disabled_tests"
Directory: C:/Users/krove44/CLionProjects/second_laba/build
"DynamicArray.OperatorAccess" start time: Apr 24 09:30 RTZ 2 (çèìà)
Output:
----------------------------------------------------------
Running main() from C:\Users\krove44\CLionProjects\second_laba\build\_deps\googletest-src\googletest\src\gtest_main.cc
Note: Google Test filter = DynamicArray.OperatorAccess
[==========] Running 1 test from 1 test suite.
[----------] Global test environment set-up.
[----------] 1 test from DynamicArray
[ RUN      ] DynamicArray.OperatorAccess
[       OK ] DynamicArray.OperatorAccess (0 ms)
[----------] 1 test from DynamicArray (0 ms total)

[----------] Global test environment tear-down
[==========] 1 test from 1 test suite ran. (0 ms total)
[  PASSED  ] 1 test.
<end of output>
Test time =   0.02 sec
----------------------------------------------------------
Test Passed.
"DynamicArray.OperatorAccess" end time: Apr 24 09:30 RTZ 2 (çèìà)
"DynamicArray.OperatorAccess" time elapsed: 00:00:00
----------------------------------------------------------

9/80 Testing: DynamicArray.CopyConstructor
9/80 Test: DynamicArray.CopyConstructor
Command: "C:/Users/krove44/CLionProjects/second_laba/build/Debug/tests.exe" "--gtest_filter=DynamicArray.CopyConstructor" "--gtest_also_run_disabled_tests"
Directory: C:/Users/krove44/CLionProjects/second_laba/build
"DynamicArray.CopyConstructor" start time: Apr 24 09:30 RTZ 2 (çèìà)
Output:
----------------------------------------------------------
Running main() from C:\Users\krove44\CLionProjects\second_laba\build\_deps\googletest-src\googletest\src\gtest_main.cc
Note: Google Test filter = DynamicArray.CopyConstructor
[==========] Running 1 test from 1 test suite.
[----------] Global test environment set-up.
[----------] 1 test from DynamicArray
[ RUN      ] DynamicArray.CopyConstructor
[       OK ] DynamicArray.CopyConstructor (0 ms)
[----------] 1 test from DynamicArray (0 ms total)

[----------] Global test environment tear-down
[==========] 1 test from 1 test suite ran. (0 ms total)
[  PASSED  ] 1 test.
<end of output>
Test time =   0.02 sec
----------------------------------------------------------
Test Passed.
"DynamicArray.CopyConstructor" end time: Apr 24 09:30 RTZ 2 (çèìà)
"DynamicArray.CopyConstructor" time elapsed: 00:00:00
----------------------------------------------------------

10/80 Testing: DynamicArray.DeepCopy
10/80 Test: DynamicArray.DeepCopy
Command: "C:/Users/krove44/CLionProjects/second_laba/build/Debug/tests.exe" "--gtest_filter=DynamicArray.DeepCopy" "--gtest_also_run_disabled_tests"
Directory: C:/Users/krove44/CLionProjects/second_laba/build
"DynamicArray.DeepCopy" start time: Apr 24 09:30 RTZ 2 (çèìà)
Output:
----------------------------------------------------------
Running main() from C:\Users\krove44\CLionProjects\second_laba\build\_deps\googletest-src\googletest\src\gtest_main.cc
Note: Google Test filter = DynamicArray.DeepCopy
[==========] Running 1 test from 1 test suite.
[----------] Global test environment set-up.
[----------] 1 test from DynamicArray
[ RUN      ] DynamicArray.DeepCopy
[       OK ] DynamicArray.DeepCopy (0 ms)
[----------] 1 test from DynamicArray (0 ms total)

[----------] Global test environment tear-down
[==========] 1 test from 1 test suite ran. (0 ms total)
[  PASSED  ] 1 test.
<end of output>
Test time =   0.02 sec
----------------------------------------------------------
Test Passed.
"DynamicArray.DeepCopy" end time: Apr 24 09:30 RTZ 2 (çèìà)
"DynamicArray.DeepCopy" time elapsed: 00:00:00
----------------------------------------------------------

11/80 Testing: DynamicArray.CopyAssignment
11/80 Test: DynamicArray.CopyAssignment
Command: "C:/Users/krove44/CLionProjects/second_laba/build/Debug/tests.exe" "--gtest_filter=DynamicArray.CopyAssignment" "--gtest_also_run_disabled_tests"
Directory: C:/Users/krove44/CLionProjects/second_laba/build
"DynamicArray.CopyAssignment" start time: Apr 24 09:30 RTZ 2 (çèìà)
Output:
----------------------------------------------------------
Running main() from C:\Users\krove44\CLionProjects\second_laba\build\_deps\googletest-src\googletest\src\gtest_main.cc
Note: Google Test filter = DynamicArray.CopyAssignment
[==========] Running 1 test from 1 test suite.
[----------] Global test environment set-up.
[----------] 1 test from DynamicArray
[ RUN      ] DynamicArray.CopyAssignment
[       OK ] DynamicArray.CopyAssignment (0 ms)
[----------] 1 test from DynamicArray (0 ms total)

[----------] Global test environment tear-down
[==========] 1 test from 1 test suite ran. (0 ms total)
[  PASSED  ] 1 test.
<end of output>
Test time =   0.02 sec
----------------------------------------------------------
Test Passed.
"DynamicArray.CopyAssignment" end time: Apr 24 09:30 RTZ 2 (çèìà)
"DynamicArray.CopyAssignment" time elapsed: 00:00:00
----------------------------------------------------------

12/80 Testing: DynamicArray.MoveConstructor
12/80 Test: DynamicArray.MoveConstructor
Command: "C:/Users/krove44/CLionProjects/second_laba/build/Debug/tests.exe" "--gtest_filter=DynamicArray.MoveConstructor" "--gtest_also_run_disabled_tests"
Directory: C:/Users/krove44/CLionProjects/second_laba/build
"DynamicArray.MoveConstructor" start time: Apr 24 09:30 RTZ 2 (çèìà)
Output:
----------------------------------------------------------
Running main() from C:\Users\krove44\CLionProjects\second_laba\build\_deps\googletest-src\googletest\src\gtest_main.cc
Note: Google Test filter = DynamicArray.MoveConstructor
[==========] Running 1 test from 1 test suite.
[----------] Global test environment set-up.
[----------] 1 test from DynamicArray
[ RUN      ] DynamicArray.MoveConstructor
[       OK ] DynamicArray.MoveConstructor (0 ms)
[----------] 1 test from DynamicArray (0 ms total)

[----------] Global test environment tear-down
[==========] 1 test from 1 test suite ran. (0 ms total)
[  PASSED  ] 1 test.
<end of output>
Test time =   0.02 sec
----------------------------------------------------------
Test Passed.
"DynamicArray.MoveConstructor" end time: Apr 24 09:30 RTZ 2 (çèìà)
"DynamicArray.MoveConstructor" time elapsed: 00:00:00
----------------------------------------------------------

13/80 Testing: DynamicArray.MoveAssignment
13/80 Test: DynamicArray.MoveAssignment
Command: "C:/Users/krove44/CLionProjects/second_laba/build/Debug/tests.exe" "--gtest_filter=DynamicArray.MoveAssignment" "--gtest_also_run_disabled_tests"
Directory: C:/Users/krove44/CLionProjects/second_laba/build
"DynamicArray.MoveAssignment" start time: Apr 24 09:30 RTZ 2 (çèìà)
Output:
----------------------------------------------------------
Running main() from C:\Users\krove44\CLionProjects\second_laba\build\_deps\googletest-src\googletest\src\gtest_main.cc
Note: Google Test filter = DynamicArray.MoveAssignment
[==========] Running 1 test from 1 test suite.
[----------] Global test environment set-up.
[----------] 1 test from DynamicArray
[ RUN      ] DynamicArray.MoveAssignment
[       OK ] DynamicArray.MoveAssignment (0 ms)
[----------] 1 test from DynamicArray (0 ms total)

[----------] Global test environment tear-down
[==========] 1 test from 1 test suite ran. (0 ms total)
[  PASSED  ] 1 test.
<end of output>
Test time =   0.02 sec
----------------------------------------------------------
Test Passed.
"DynamicArray.MoveAssignment" end time: Apr 24 09:30 RTZ 2 (çèìà)
"DynamicArray.MoveAssignment" time elapsed: 00:00:00
----------------------------------------------------------

14/80 Testing: DynamicArray.ResizeIncrease
14/80 Test: DynamicArray.ResizeIncrease
Command: "C:/Users/krove44/CLionProjects/second_laba/build/Debug/tests.exe" "--gtest_filter=DynamicArray.ResizeIncrease" "--gtest_also_run_disabled_tests"
Directory: C:/Users/krove44/CLionProjects/second_laba/build
"DynamicArray.ResizeIncrease" start time: Apr 24 09:30 RTZ 2 (çèìà)
Output:
----------------------------------------------------------
Running main() from C:\Users\krove44\CLionProjects\second_laba\build\_deps\googletest-src\googletest\src\gtest_main.cc
Note: Google Test filter = DynamicArray.ResizeIncrease
[==========] Running 1 test from 1 test suite.
[----------] Global test environment set-up.
[----------] 1 test from DynamicArray
[ RUN      ] DynamicArray.ResizeIncrease
[       OK ] DynamicArray.ResizeIncrease (0 ms)
[----------] 1 test from DynamicArray (0 ms total)

[----------] Global test environment tear-down
[==========] 1 test from 1 test suite ran. (0 ms total)
[  PASSED  ] 1 test.
<end of output>
Test time =   0.02 sec
----------------------------------------------------------
Test Passed.
"DynamicArray.ResizeIncrease" end time: Apr 24 09:30 RTZ 2 (çèìà)
"DynamicArray.ResizeIncrease" time elapsed: 00:00:00
----------------------------------------------------------

15/80 Testing: DynamicArray.ResizeDecrease
15/80 Test: DynamicArray.ResizeDecrease
Command: "C:/Users/krove44/CLionProjects/second_laba/build/Debug/tests.exe" "--gtest_filter=DynamicArray.ResizeDecrease" "--gtest_also_run_disabled_tests"
Directory: C:/Users/krove44/CLionProjects/second_laba/build
"DynamicArray.ResizeDecrease" start time: Apr 24 09:30 RTZ 2 (çèìà)
Output:
----------------------------------------------------------
Running main() from C:\Users\krove44\CLionProjects\second_laba\build\_deps\googletest-src\googletest\src\gtest_main.cc
Note: Google Test filter = DynamicArray.ResizeDecrease
[==========] Running 1 test from 1 test suite.
[----------] Global test environment set-up.
[----------] 1 test from DynamicArray
[ RUN      ] DynamicArray.ResizeDecrease
[       OK ] DynamicArray.ResizeDecrease (0 ms)
[----------] 1 test from DynamicArray (0 ms total)

[----------] Global test environment tear-down
[==========] 1 test from 1 test suite ran. (0 ms total)
[  PASSED  ] 1 test.
<end of output>
Test time =   0.03 sec
----------------------------------------------------------
Test Passed.
"DynamicArray.ResizeDecrease" end time: Apr 24 09:30 RTZ 2 (çèìà)
"DynamicArray.ResizeDecrease" time elapsed: 00:00:00
----------------------------------------------------------

16/80 Testing: DynamicArray.ResizeNegativeThrows
16/80 Test: DynamicArray.ResizeNegativeThrows
Command: "C:/Users/krove44/CLionProjects/second_laba/build/Debug/tests.exe" "--gtest_filter=DynamicArray.ResizeNegativeThrows" "--gtest_also_run_disabled_tests"
Directory: C:/Users/krove44/CLionProjects/second_laba/build
"DynamicArray.ResizeNegativeThrows" start time: Apr 24 09:30 RTZ 2 (çèìà)
Output:
----------------------------------------------------------
Running main() from C:\Users\krove44\CLionProjects\second_laba\build\_deps\googletest-src\googletest\src\gtest_main.cc
Note: Google Test filter = DynamicArray.ResizeNegativeThrows
[==========] Running 1 test from 1 test suite.
[----------] Global test environment set-up.
[----------] 1 test from DynamicArray
[ RUN      ] DynamicArray.ResizeNegativeThrows
[       OK ] DynamicArray.ResizeNegativeThrows (0 ms)
[----------] 1 test from DynamicArray (0 ms total)

[----------] Global test environment tear-down
[==========] 1 test from 1 test suite ran. (0 ms total)
[  PASSED  ] 1 test.
<end of output>
Test time =   0.03 sec
----------------------------------------------------------
Test Passed.
"DynamicArray.ResizeNegativeThrows" end time: Apr 24 09:30 RTZ 2 (çèìà)
"DynamicArray.ResizeNegativeThrows" time elapsed: 00:00:00
----------------------------------------------------------

17/80 Testing: LinkedList.DefaultConstructor
17/80 Test: LinkedList.DefaultConstructor
Command: "C:/Users/krove44/CLionProjects/second_laba/build/Debug/tests.exe" "--gtest_filter=LinkedList.DefaultConstructor" "--gtest_also_run_disabled_tests"
Directory: C:/Users/krove44/CLionProjects/second_laba/build
"LinkedList.DefaultConstructor" start time: Apr 24 09:30 RTZ 2 (çèìà)
Output:
----------------------------------------------------------
Running main() from C:\Users\krove44\CLionProjects\second_laba\build\_deps\googletest-src\googletest\src\gtest_main.cc
Note: Google Test filter = LinkedList.DefaultConstructor
[==========] Running 1 test from 1 test suite.
[----------] Global test environment set-up.
[----------] 1 test from LinkedList
[ RUN      ] LinkedList.DefaultConstructor
[       OK ] LinkedList.DefaultConstructor (0 ms)
[----------] 1 test from LinkedList (0 ms total)

[----------] Global test environment tear-down
[==========] 1 test from 1 test suite ran. (0 ms total)
[  PASSED  ] 1 test.
<end of output>
Test time =   0.03 sec
----------------------------------------------------------
Test Passed.
"LinkedList.DefaultConstructor" end time: Apr 24 09:30 RTZ 2 (çèìà)
"LinkedList.DefaultConstructor" time elapsed: 00:00:00
----------------------------------------------------------

18/80 Testing: LinkedList.FromArrayConstructor
18/80 Test: LinkedList.FromArrayConstructor
Command: "C:/Users/krove44/CLionProjects/second_laba/build/Debug/tests.exe" "--gtest_filter=LinkedList.FromArrayConstructor" "--gtest_also_run_disabled_tests"
Directory: C:/Users/krove44/CLionProjects/second_laba/build
"LinkedList.FromArrayConstructor" start time: Apr 24 09:30 RTZ 2 (çèìà)
Output:
----------------------------------------------------------
Running main() from C:\Users\krove44\CLionProjects\second_laba\build\_deps\googletest-src\googletest\src\gtest_main.cc
Note: Google Test filter = LinkedList.FromArrayConstructor
[==========] Running 1 test from 1 test suite.
[----------] Global test environment set-up.
[----------] 1 test from LinkedList
[ RUN      ] LinkedList.FromArrayConstructor
[       OK ] LinkedList.FromArrayConstructor (0 ms)
[----------] 1 test from LinkedList (0 ms total)

[----------] Global test environment tear-down
[==========] 1 test from 1 test suite ran. (0 ms total)
[  PASSED  ] 1 test.
<end of output>
Test time =   0.03 sec
----------------------------------------------------------
Test Passed.
"LinkedList.FromArrayConstructor" end time: Apr 24 09:30 RTZ 2 (çèìà)
"LinkedList.FromArrayConstructor" time elapsed: 00:00:00
----------------------------------------------------------

19/80 Testing: LinkedList.NegativeSizeThrows
19/80 Test: LinkedList.NegativeSizeThrows
Command: "C:/Users/krove44/CLionProjects/second_laba/build/Debug/tests.exe" "--gtest_filter=LinkedList.NegativeSizeThrows" "--gtest_also_run_disabled_tests"
Directory: C:/Users/krove44/CLionProjects/second_laba/build
"LinkedList.NegativeSizeThrows" start time: Apr 24 09:30 RTZ 2 (çèìà)
Output:
----------------------------------------------------------
Running main() from C:\Users\krove44\CLionProjects\second_laba\build\_deps\googletest-src\googletest\src\gtest_main.cc
Note: Google Test filter = LinkedList.NegativeSizeThrows
[==========] Running 1 test from 1 test suite.
[----------] Global test environment set-up.
[----------] 1 test from LinkedList
[ RUN      ] LinkedList.NegativeSizeThrows
[       OK ] LinkedList.NegativeSizeThrows (0 ms)
[----------] 1 test from LinkedList (0 ms total)

[----------] Global test environment tear-down
[==========] 1 test from 1 test suite ran. (0 ms total)
[  PASSED  ] 1 test.
<end of output>
Test time =   0.02 sec
----------------------------------------------------------
Test Passed.
"LinkedList.NegativeSizeThrows" end time: Apr 24 09:30 RTZ 2 (çèìà)
"LinkedList.NegativeSizeThrows" time elapsed: 00:00:00
----------------------------------------------------------

20/80 Testing: LinkedList.NullptrConstructorThrows
20/80 Test: LinkedList.NullptrConstructorThrows
Command: "C:/Users/krove44/CLionProjects/second_laba/build/Debug/tests.exe" "--gtest_filter=LinkedList.NullptrConstructorThrows" "--gtest_also_run_disabled_tests"
Directory: C:/Users/krove44/CLionProjects/second_laba/build
"LinkedList.NullptrConstructorThrows" start time: Apr 24 09:30 RTZ 2 (çèìà)
Output:
----------------------------------------------------------
Running main() from C:\Users\krove44\CLionProjects\second_laba\build\_deps\googletest-src\googletest\src\gtest_main.cc
Note: Google Test filter = LinkedList.NullptrConstructorThrows
[==========] Running 1 test from 1 test suite.
[----------] Global test environment set-up.
[----------] 1 test from LinkedList
[ RUN      ] LinkedList.NullptrConstructorThrows
[       OK ] LinkedList.NullptrConstructorThrows (0 ms)
[----------] 1 test from LinkedList (0 ms total)

[----------] Global test environment tear-down
[==========] 1 test from 1 test suite ran. (0 ms total)
[  PASSED  ] 1 test.
<end of output>
Test time =   0.03 sec
----------------------------------------------------------
Test Passed.
"LinkedList.NullptrConstructorThrows" end time: Apr 24 09:30 RTZ 2 (çèìà)
"LinkedList.NullptrConstructorThrows" time elapsed: 00:00:00
----------------------------------------------------------

21/80 Testing: LinkedList.Append
21/80 Test: LinkedList.Append
Command: "C:/Users/krove44/CLionProjects/second_laba/build/Debug/tests.exe" "--gtest_filter=LinkedList.Append" "--gtest_also_run_disabled_tests"
Directory: C:/Users/krove44/CLionProjects/second_laba/build
"LinkedList.Append" start time: Apr 24 09:30 RTZ 2 (çèìà)
Output:
----------------------------------------------------------
Running main() from C:\Users\krove44\CLionProjects\second_laba\build\_deps\googletest-src\googletest\src\gtest_main.cc
Note: Google Test filter = LinkedList.Append
[==========] Running 1 test from 1 test suite.
[----------] Global test environment set-up.
[----------] 1 test from LinkedList
[ RUN      ] LinkedList.Append
[       OK ] LinkedList.Append (0 ms)
[----------] 1 test from LinkedList (0 ms total)

[----------] Global test environment tear-down
[==========] 1 test from 1 test suite ran. (0 ms total)
[  PASSED  ] 1 test.
<end of output>
Test time =   0.02 sec
----------------------------------------------------------
Test Passed.
"LinkedList.Append" end time: Apr 24 09:30 RTZ 2 (çèìà)
"LinkedList.Append" time elapsed: 00:00:00
----------------------------------------------------------

22/80 Testing: LinkedList.Prepend
22/80 Test: LinkedList.Prepend
Command: "C:/Users/krove44/CLionProjects/second_laba/build/Debug/tests.exe" "--gtest_filter=LinkedList.Prepend" "--gtest_also_run_disabled_tests"
Directory: C:/Users/krove44/CLionProjects/second_laba/build
"LinkedList.Prepend" start time: Apr 24 09:30 RTZ 2 (çèìà)
Output:
----------------------------------------------------------
Running main() from C:\Users\krove44\CLionProjects\second_laba\build\_deps\googletest-src\googletest\src\gtest_main.cc
Note: Google Test filter = LinkedList.Prepend
[==========] Running 1 test from 1 test suite.
[----------] Global test environment set-up.
[----------] 1 test from LinkedList
[ RUN      ] LinkedList.Prepend
[       OK ] LinkedList.Prepend (0 ms)
[----------] 1 test from LinkedList (0 ms total)

[----------] Global test environment tear-down
[==========] 1 test from 1 test suite ran. (0 ms total)
[  PASSED  ] 1 test.
<end of output>
Test time =   0.03 sec
----------------------------------------------------------
Test Passed.
"LinkedList.Prepend" end time: Apr 24 09:30 RTZ 2 (çèìà)
"LinkedList.Prepend" time elapsed: 00:00:00
----------------------------------------------------------

23/80 Testing: LinkedList.InsertAt
23/80 Test: LinkedList.InsertAt
Command: "C:/Users/krove44/CLionProjects/second_laba/build/Debug/tests.exe" "--gtest_filter=LinkedList.InsertAt" "--gtest_also_run_disabled_tests"
Directory: C:/Users/krove44/CLionProjects/second_laba/build
"LinkedList.InsertAt" start time: Apr 24 09:30 RTZ 2 (çèìà)
Output:
----------------------------------------------------------
Running main() from C:\Users\krove44\CLionProjects\second_laba\build\_deps\googletest-src\googletest\src\gtest_main.cc
Note: Google Test filter = LinkedList.InsertAt
[==========] Running 1 test from 1 test suite.
[----------] Global test environment set-up.
[----------] 1 test from LinkedList
[ RUN      ] LinkedList.InsertAt
[       OK ] LinkedList.InsertAt (0 ms)
[----------] 1 test from LinkedList (0 ms total)

[----------] Global test environment tear-down
[==========] 1 test from 1 test suite ran. (0 ms total)
[  PASSED  ] 1 test.
<end of output>
Test time =   0.03 sec
----------------------------------------------------------
Test Passed.
"LinkedList.InsertAt" end time: Apr 24 09:30 RTZ 2 (çèìà)
"LinkedList.InsertAt" time elapsed: 00:00:00
----------------------------------------------------------

24/80 Testing: LinkedList.InsertAtBounds
24/80 Test: LinkedList.InsertAtBounds
Command: "C:/Users/krove44/CLionProjects/second_laba/build/Debug/tests.exe" "--gtest_filter=LinkedList.InsertAtBounds" "--gtest_also_run_disabled_tests"
Directory: C:/Users/krove44/CLionProjects/second_laba/build
"LinkedList.InsertAtBounds" start time: Apr 24 09:30 RTZ 2 (çèìà)
Output:
----------------------------------------------------------
Running main() from C:\Users\krove44\CLionProjects\second_laba\build\_deps\googletest-src\googletest\src\gtest_main.cc
Note: Google Test filter = LinkedList.InsertAtBounds
[==========] Running 1 test from 1 test suite.
[----------] Global test environment set-up.
[----------] 1 test from LinkedList
[ RUN      ] LinkedList.InsertAtBounds
[       OK ] LinkedList.InsertAtBounds (0 ms)
[----------] 1 test from LinkedList (0 ms total)

[----------] Global test environment tear-down
[==========] 1 test from 1 test suite ran. (0 ms total)
[  PASSED  ] 1 test.
<end of output>
Test time =   0.02 sec
----------------------------------------------------------
Test Passed.
"LinkedList.InsertAtBounds" end time: Apr 24 09:30 RTZ 2 (çèìà)
"LinkedList.InsertAtBounds" time elapsed: 00:00:00
----------------------------------------------------------

25/80 Testing: LinkedList.GetAndSet
25/80 Test: LinkedList.GetAndSet
Command: "C:/Users/krove44/CLionProjects/second_laba/build/Debug/tests.exe" "--gtest_filter=LinkedList.GetAndSet" "--gtest_also_run_disabled_tests"
Directory: C:/Users/krove44/CLionProjects/second_laba/build
"LinkedList.GetAndSet" start time: Apr 24 09:30 RTZ 2 (çèìà)
Output:
----------------------------------------------------------
Running main() from C:\Users\krove44\CLionProjects\second_laba\build\_deps\googletest-src\googletest\src\gtest_main.cc
Note: Google Test filter = LinkedList.GetAndSet
[==========] Running 1 test from 1 test suite.
[----------] Global test environment set-up.
[----------] 1 test from LinkedList
[ RUN      ] LinkedList.GetAndSet
[       OK ] LinkedList.GetAndSet (0 ms)
[----------] 1 test from LinkedList (0 ms total)

[----------] Global test environment tear-down
[==========] 1 test from 1 test suite ran. (0 ms total)
[  PASSED  ] 1 test.
<end of output>
Test time =   0.03 sec
----------------------------------------------------------
Test Passed.
"LinkedList.GetAndSet" end time: Apr 24 09:30 RTZ 2 (çèìà)
"LinkedList.GetAndSet" time elapsed: 00:00:00
----------------------------------------------------------

26/80 Testing: LinkedList.EmptyListThrows
26/80 Test: LinkedList.EmptyListThrows
Command: "C:/Users/krove44/CLionProjects/second_laba/build/Debug/tests.exe" "--gtest_filter=LinkedList.EmptyListThrows" "--gtest_also_run_disabled_tests"
Directory: C:/Users/krove44/CLionProjects/second_laba/build
"LinkedList.EmptyListThrows" start time: Apr 24 09:30 RTZ 2 (çèìà)
Output:
----------------------------------------------------------
Running main() from C:\Users\krove44\CLionProjects\second_laba\build\_deps\googletest-src\googletest\src\gtest_main.cc
Note: Google Test filter = LinkedList.EmptyListThrows
[==========] Running 1 test from 1 test suite.
[----------] Global test environment set-up.
[----------] 1 test from LinkedList
[ RUN      ] LinkedList.EmptyListThrows
[       OK ] LinkedList.EmptyListThrows (0 ms)
[----------] 1 test from LinkedList (0 ms total)

[----------] Global test environment tear-down
[==========] 1 test from 1 test suite ran. (0 ms total)
[  PASSED  ] 1 test.
<end of output>
Test time =   0.02 sec
----------------------------------------------------------
Test Passed.
"LinkedList.EmptyListThrows" end time: Apr 24 09:30 RTZ 2 (çèìà)
"LinkedList.EmptyListThrows" time elapsed: 00:00:00
----------------------------------------------------------

27/80 Testing: LinkedList.OutOfRangeThrows
27/80 Test: LinkedList.OutOfRangeThrows
Command: "C:/Users/krove44/CLionProjects/second_laba/build/Debug/tests.exe" "--gtest_filter=LinkedList.OutOfRangeThrows" "--gtest_also_run_disabled_tests"
Directory: C:/Users/krove44/CLionProjects/second_laba/build
"LinkedList.OutOfRangeThrows" start time: Apr 24 09:30 RTZ 2 (çèìà)
Output:
----------------------------------------------------------
Running main() from C:\Users\krove44\CLionProjects\second_laba\build\_deps\googletest-src\googletest\src\gtest_main.cc
Note: Google Test filter = LinkedList.OutOfRangeThrows
[==========] Running 1 test from 1 test suite.
[----------] Global test environment set-up.
[----------] 1 test from LinkedList
[ RUN      ] LinkedList.OutOfRangeThrows
[       OK ] LinkedList.OutOfRangeThrows (0 ms)
[----------] 1 test from LinkedList (0 ms total)

[----------] Global test environment tear-down
[==========] 1 test from 1 test suite ran. (0 ms total)
[  PASSED  ] 1 test.
<end of output>
Test time =   0.03 sec
----------------------------------------------------------
Test Passed.
"LinkedList.OutOfRangeThrows" end time: Apr 24 09:30 RTZ 2 (çèìà)
"LinkedList.OutOfRangeThrows" time elapsed: 00:00:00
----------------------------------------------------------

28/80 Testing: LinkedList.GetSubList
28/80 Test: LinkedList.GetSubList
Command: "C:/Users/krove44/CLionProjects/second_laba/build/Debug/tests.exe" "--gtest_filter=LinkedList.GetSubList" "--gtest_also_run_disabled_tests"
Directory: C:/Users/krove44/CLionProjects/second_laba/build
"LinkedList.GetSubList" start time: Apr 24 09:30 RTZ 2 (çèìà)
Output:
----------------------------------------------------------
Running main() from C:\Users\krove44\CLionProjects\second_laba\build\_deps\googletest-src\googletest\src\gtest_main.cc
Note: Google Test filter = LinkedList.GetSubList
[==========] Running 1 test from 1 test suite.
[----------] Global test environment set-up.
[----------] 1 test from LinkedList
[ RUN      ] LinkedList.GetSubList
[       OK ] LinkedList.GetSubList (0 ms)
[----------] 1 test from LinkedList (0 ms total)

[----------] Global test environment tear-down
[==========] 1 test from 1 test suite ran. (0 ms total)
[  PASSED  ] 1 test.
<end of output>
Test time =   0.03 sec
----------------------------------------------------------
Test Passed.
"LinkedList.GetSubList" end time: Apr 24 09:30 RTZ 2 (çèìà)
"LinkedList.GetSubList" time elapsed: 00:00:00
----------------------------------------------------------

29/80 Testing: LinkedList.Concat
29/80 Test: LinkedList.Concat
Command: "C:/Users/krove44/CLionProjects/second_laba/build/Debug/tests.exe" "--gtest_filter=LinkedList.Concat" "--gtest_also_run_disabled_tests"
Directory: C:/Users/krove44/CLionProjects/second_laba/build
"LinkedList.Concat" start time: Apr 24 09:30 RTZ 2 (çèìà)
Output:
----------------------------------------------------------
Running main() from C:\Users\krove44\CLionProjects\second_laba\build\_deps\googletest-src\googletest\src\gtest_main.cc
Note: Google Test filter = LinkedList.Concat
[==========] Running 1 test from 1 test suite.
[----------] Global test environment set-up.
[----------] 1 test from LinkedList
[ RUN      ] LinkedList.Concat
[       OK ] LinkedList.Concat (0 ms)
[----------] 1 test from LinkedList (0 ms total)

[----------] Global test environment tear-down
[==========] 1 test from 1 test suite ran. (0 ms total)
[  PASSED  ] 1 test.
<end of output>
Test time =   0.03 sec
----------------------------------------------------------
Test Passed.
"LinkedList.Concat" end time: Apr 24 09:30 RTZ 2 (çèìà)
"LinkedList.Concat" time elapsed: 00:00:00
----------------------------------------------------------

30/80 Testing: LinkedList.CopyConstructor
30/80 Test: LinkedList.CopyConstructor
Command: "C:/Users/krove44/CLionProjects/second_laba/build/Debug/tests.exe" "--gtest_filter=LinkedList.CopyConstructor" "--gtest_also_run_disabled_tests"
Directory: C:/Users/krove44/CLionProjects/second_laba/build
"LinkedList.CopyConstructor" start time: Apr 24 09:30 RTZ 2 (çèìà)
Output:
----------------------------------------------------------
Running main() from C:\Users\krove44\CLionProjects\second_laba\build\_deps\googletest-src\googletest\src\gtest_main.cc
Note: Google Test filter = LinkedList.CopyConstructor
[==========] Running 1 test from 1 test suite.
[----------] Global test environment set-up.
[----------] 1 test from LinkedList
[ RUN      ] LinkedList.CopyConstructor
[       OK ] LinkedList.CopyConstructor (0 ms)
[----------] 1 test from LinkedList (0 ms total)

[----------] Global test environment tear-down
[==========] 1 test from 1 test suite ran. (0 ms total)
[  PASSED  ] 1 test.
<end of output>
Test time =   0.02 sec
----------------------------------------------------------
Test Passed.
"LinkedList.CopyConstructor" end time: Apr 24 09:30 RTZ 2 (çèìà)
"LinkedList.CopyConstructor" time elapsed: 00:00:00
----------------------------------------------------------

31/80 Testing: LinkedList.MoveConstructor
31/80 Test: LinkedList.MoveConstructor
Command: "C:/Users/krove44/CLionProjects/second_laba/build/Debug/tests.exe" "--gtest_filter=LinkedList.MoveConstructor" "--gtest_also_run_disabled_tests"
Directory: C:/Users/krove44/CLionProjects/second_laba/build
"LinkedList.MoveConstructor" start time: Apr 24 09:30 RTZ 2 (çèìà)
Output:
----------------------------------------------------------
Running main() from C:\Users\krove44\CLionProjects\second_laba\build\_deps\googletest-src\googletest\src\gtest_main.cc
Note: Google Test filter = LinkedList.MoveConstructor
[==========] Running 1 test from 1 test suite.
[----------] Global test environment set-up.
[----------] 1 test from LinkedList
[ RUN      ] LinkedList.MoveConstructor
[       OK ] LinkedList.MoveConstructor (0 ms)
[----------] 1 test from LinkedList (0 ms total)

[----------] Global test environment tear-down
[==========] 1 test from 1 test suite ran. (0 ms total)
[  PASSED  ] 1 test.
<end of output>
Test time =   0.02 sec
----------------------------------------------------------
Test Passed.
"LinkedList.MoveConstructor" end time: Apr 24 09:30 RTZ 2 (çèìà)
"LinkedList.MoveConstructor" time elapsed: 00:00:00
----------------------------------------------------------

32/80 Testing: LinkedList.CopyAssignment
32/80 Test: LinkedList.CopyAssignment
Command: "C:/Users/krove44/CLionProjects/second_laba/build/Debug/tests.exe" "--gtest_filter=LinkedList.CopyAssignment" "--gtest_also_run_disabled_tests"
Directory: C:/Users/krove44/CLionProjects/second_laba/build
"LinkedList.CopyAssignment" start time: Apr 24 09:30 RTZ 2 (çèìà)
Output:
----------------------------------------------------------
Running main() from C:\Users\krove44\CLionProjects\second_laba\build\_deps\googletest-src\googletest\src\gtest_main.cc
Note: Google Test filter = LinkedList.CopyAssignment
[==========] Running 1 test from 1 test suite.
[----------] Global test environment set-up.
[----------] 1 test from LinkedList
[ RUN      ] LinkedList.CopyAssignment
[       OK ] LinkedList.CopyAssignment (0 ms)
[----------] 1 test from LinkedList (0 ms total)

[----------] Global test environment tear-down
[==========] 1 test from 1 test suite ran. (0 ms total)
[  PASSED  ] 1 test.
<end of output>
Test time =   0.03 sec
----------------------------------------------------------
Test Passed.
"LinkedList.CopyAssignment" end time: Apr 24 09:30 RTZ 2 (çèìà)
"LinkedList.CopyAssignment" time elapsed: 00:00:00
----------------------------------------------------------

33/80 Testing: LinkedList.MoveAssignment
33/80 Test: LinkedList.MoveAssignment
Command: "C:/Users/krove44/CLionProjects/second_laba/build/Debug/tests.exe" "--gtest_filter=LinkedList.MoveAssignment" "--gtest_also_run_disabled_tests"
Directory: C:/Users/krove44/CLionProjects/second_laba/build
"LinkedList.MoveAssignment" start time: Apr 24 09:30 RTZ 2 (çèìà)
Output:
----------------------------------------------------------
Running main() from C:\Users\krove44\CLionProjects\second_laba\build\_deps\googletest-src\googletest\src\gtest_main.cc
Note: Google Test filter = LinkedList.MoveAssignment
[==========] Running 1 test from 1 test suite.
[----------] Global test environment set-up.
[----------] 1 test from LinkedList
[ RUN      ] LinkedList.MoveAssignment
[       OK ] LinkedList.MoveAssignment (0 ms)
[----------] 1 test from LinkedList (0 ms total)

[----------] Global test environment tear-down
[==========] 1 test from 1 test suite ran. (0 ms total)
[  PASSED  ] 1 test.
<end of output>
Test time =   0.02 sec
----------------------------------------------------------
Test Passed.
"LinkedList.MoveAssignment" end time: Apr 24 09:30 RTZ 2 (çèìà)
"LinkedList.MoveAssignment" time elapsed: 00:00:00
----------------------------------------------------------

34/80 Testing: LinkedList.Clear
34/80 Test: LinkedList.Clear
Command: "C:/Users/krove44/CLionProjects/second_laba/build/Debug/tests.exe" "--gtest_filter=LinkedList.Clear" "--gtest_also_run_disabled_tests"
Directory: C:/Users/krove44/CLionProjects/second_laba/build
"LinkedList.Clear" start time: Apr 24 09:30 RTZ 2 (çèìà)
Output:
----------------------------------------------------------
Running main() from C:\Users\krove44\CLionProjects\second_laba\build\_deps\googletest-src\googletest\src\gtest_main.cc
Note: Google Test filter = LinkedList.Clear
[==========] Running 1 test from 1 test suite.
[----------] Global test environment set-up.
[----------] 1 test from LinkedList
[ RUN      ] LinkedList.Clear
[       OK ] LinkedList.Clear (0 ms)
[----------] 1 test from LinkedList (0 ms total)

[----------] Global test environment tear-down
[==========] 1 test from 1 test suite ran. (0 ms total)
[  PASSED  ] 1 test.
<end of output>
Test time =   0.03 sec
----------------------------------------------------------
Test Passed.
"LinkedList.Clear" end time: Apr 24 09:30 RTZ 2 (çèìà)
"LinkedList.Clear" time elapsed: 00:00:00
----------------------------------------------------------

35/80 Testing: ArraySequence.DefaultConstructor
35/80 Test: ArraySequence.DefaultConstructor
Command: "C:/Users/krove44/CLionProjects/second_laba/build/Debug/tests.exe" "--gtest_filter=ArraySequence.DefaultConstructor" "--gtest_also_run_disabled_tests"
Directory: C:/Users/krove44/CLionProjects/second_laba/build
"ArraySequence.DefaultConstructor" start time: Apr 24 09:30 RTZ 2 (çèìà)
Output:
----------------------------------------------------------
Running main() from C:\Users\krove44\CLionProjects\second_laba\build\_deps\googletest-src\googletest\src\gtest_main.cc
Note: Google Test filter = ArraySequence.DefaultConstructor
[==========] Running 1 test from 1 test suite.
[----------] Global test environment set-up.
[----------] 1 test from ArraySequence
[ RUN      ] ArraySequence.DefaultConstructor
[       OK ] ArraySequence.DefaultConstructor (0 ms)
[----------] 1 test from ArraySequence (0 ms total)

[----------] Global test environment tear-down
[==========] 1 test from 1 test suite ran. (0 ms total)
[  PASSED  ] 1 test.
<end of output>
Test time =   0.02 sec
----------------------------------------------------------
Test Passed.
"ArraySequence.DefaultConstructor" end time: Apr 24 09:30 RTZ 2 (çèìà)
"ArraySequence.DefaultConstructor" time elapsed: 00:00:00
----------------------------------------------------------

36/80 Testing: ArraySequence.SizeConstructor
36/80 Test: ArraySequence.SizeConstructor
Command: "C:/Users/krove44/CLionProjects/second_laba/build/Debug/tests.exe" "--gtest_filter=ArraySequence.SizeConstructor" "--gtest_also_run_disabled_tests"
Directory: C:/Users/krove44/CLionProjects/second_laba/build
"ArraySequence.SizeConstructor" start time: Apr 24 09:30 RTZ 2 (çèìà)
Output:
----------------------------------------------------------
Running main() from C:\Users\krove44\CLionProjects\second_laba\build\_deps\googletest-src\googletest\src\gtest_main.cc
Note: Google Test filter = ArraySequence.SizeConstructor
[==========] Running 1 test from 1 test suite.
[----------] Global test environment set-up.
[----------] 1 test from ArraySequence
[ RUN      ] ArraySequence.SizeConstructor
[       OK ] ArraySequence.SizeConstructor (0 ms)
[----------] 1 test from ArraySequence (0 ms total)

[----------] Global test environment tear-down
[==========] 1 test from 1 test suite ran. (0 ms total)
[  PASSED  ] 1 test.
<end of output>
Test time =   0.03 sec
----------------------------------------------------------
Test Passed.
"ArraySequence.SizeConstructor" end time: Apr 24 09:30 RTZ 2 (çèìà)
"ArraySequence.SizeConstructor" time elapsed: 00:00:00
----------------------------------------------------------

37/80 Testing: ArraySequence.FromArrayConstructor
37/80 Test: ArraySequence.FromArrayConstructor
Command: "C:/Users/krove44/CLionProjects/second_laba/build/Debug/tests.exe" "--gtest_filter=ArraySequence.FromArrayConstructor" "--gtest_also_run_disabled_tests"
Directory: C:/Users/krove44/CLionProjects/second_laba/build
"ArraySequence.FromArrayConstructor" start time: Apr 24 09:30 RTZ 2 (çèìà)
Output:
----------------------------------------------------------
Running main() from C:\Users\krove44\CLionProjects\second_laba\build\_deps\googletest-src\googletest\src\gtest_main.cc
Note: Google Test filter = ArraySequence.FromArrayConstructor
[==========] Running 1 test from 1 test suite.
[----------] Global test environment set-up.
[----------] 1 test from ArraySequence
[ RUN      ] ArraySequence.FromArrayConstructor
[       OK ] ArraySequence.FromArrayConstructor (0 ms)
[----------] 1 test from ArraySequence (0 ms total)

[----------] Global test environment tear-down
[==========] 1 test from 1 test suite ran. (0 ms total)
[  PASSED  ] 1 test.
<end of output>
Test time =   0.03 sec
----------------------------------------------------------
Test Passed.
"ArraySequence.FromArrayConstructor" end time: Apr 24 09:30 RTZ 2 (çèìà)
"ArraySequence.FromArrayConstructor" time elapsed: 00:00:00
----------------------------------------------------------

38/80 Testing: ArraySequence.CopyConstructor
38/80 Test: ArraySequence.CopyConstructor
Command: "C:/Users/krove44/CLionProjects/second_laba/build/Debug/tests.exe" "--gtest_filter=ArraySequence.CopyConstructor" "--gtest_also_run_disabled_tests"
Directory: C:/Users/krove44/CLionProjects/second_laba/build
"ArraySequence.CopyConstructor" start time: Apr 24 09:30 RTZ 2 (çèìà)
Output:
----------------------------------------------------------
Running main() from C:\Users\krove44\CLionProjects\second_laba\build\_deps\googletest-src\googletest\src\gtest_main.cc
Note: Google Test filter = ArraySequence.CopyConstructor
[==========] Running 1 test from 1 test suite.
[----------] Global test environment set-up.
[----------] 1 test from ArraySequence
[ RUN      ] ArraySequence.CopyConstructor
[       OK ] ArraySequence.CopyConstructor (0 ms)
[----------] 1 test from ArraySequence (0 ms total)

[----------] Global test environment tear-down
[==========] 1 test from 1 test suite ran. (0 ms total)
[  PASSED  ] 1 test.
<end of output>
Test time =   0.03 sec
----------------------------------------------------------
Test Passed.
"ArraySequence.CopyConstructor" end time: Apr 24 09:30 RTZ 2 (çèìà)
"ArraySequence.CopyConstructor" time elapsed: 00:00:00
----------------------------------------------------------

39/80 Testing: ArraySequence.ConstructorExceptions
39/80 Test: ArraySequence.ConstructorExceptions
Command: "C:/Users/krove44/CLionProjects/second_laba/build/Debug/tests.exe" "--gtest_filter=ArraySequence.ConstructorExceptions" "--gtest_also_run_disabled_tests"
Directory: C:/Users/krove44/CLionProjects/second_laba/build
"ArraySequence.ConstructorExceptions" start time: Apr 24 09:30 RTZ 2 (çèìà)
Output:
----------------------------------------------------------
Running main() from C:\Users\krove44\CLionProjects\second_laba\build\_deps\googletest-src\googletest\src\gtest_main.cc
Note: Google Test filter = ArraySequence.ConstructorExceptions
[==========] Running 1 test from 1 test suite.
[----------] Global test environment set-up.
[----------] 1 test from ArraySequence
[ RUN      ] ArraySequence.ConstructorExceptions
[       OK ] ArraySequence.ConstructorExceptions (0 ms)
[----------] 1 test from ArraySequence (0 ms total)

[----------] Global test environment tear-down
[==========] 1 test from 1 test suite ran. (0 ms total)
[  PASSED  ] 1 test.
<end of output>
Test time =   0.02 sec
----------------------------------------------------------
Test Passed.
"ArraySequence.ConstructorExceptions" end time: Apr 24 09:30 RTZ 2 (çèìà)
"ArraySequence.ConstructorExceptions" time elapsed: 00:00:00
----------------------------------------------------------

40/80 Testing: ArraySequence.GetFirstAndLast
40/80 Test: ArraySequence.GetFirstAndLast
Command: "C:/Users/krove44/CLionProjects/second_laba/build/Debug/tests.exe" "--gtest_filter=ArraySequence.GetFirstAndLast" "--gtest_also_run_disabled_tests"
Directory: C:/Users/krove44/CLionProjects/second_laba/build
"ArraySequence.GetFirstAndLast" start time: Apr 24 09:30 RTZ 2 (çèìà)
Output:
----------------------------------------------------------
Running main() from C:\Users\krove44\CLionProjects\second_laba\build\_deps\googletest-src\googletest\src\gtest_main.cc
Note: Google Test filter = ArraySequence.GetFirstAndLast
[==========] Running 1 test from 1 test suite.
[----------] Global test environment set-up.
[----------] 1 test from ArraySequence
[ RUN      ] ArraySequence.GetFirstAndLast
[       OK ] ArraySequence.GetFirstAndLast (0 ms)
[----------] 1 test from ArraySequence (0 ms total)

[----------] Global test environment tear-down
[==========] 1 test from 1 test suite ran. (0 ms total)
[  PASSED  ] 1 test.
<end of output>
Test time =   0.02 sec
----------------------------------------------------------
Test Passed.
"ArraySequence.GetFirstAndLast" end time: Apr 24 09:30 RTZ 2 (çèìà)
"ArraySequence.GetFirstAndLast" time elapsed: 00:00:00
----------------------------------------------------------

41/80 Testing: ArraySequence.GetAndSet
41/80 Test: ArraySequence.GetAndSet
Command: "C:/Users/krove44/CLionProjects/second_laba/build/Debug/tests.exe" "--gtest_filter=ArraySequence.GetAndSet" "--gtest_also_run_disabled_tests"
Directory: C:/Users/krove44/CLionProjects/second_laba/build
"ArraySequence.GetAndSet" start time: Apr 24 09:30 RTZ 2 (çèìà)
Output:
----------------------------------------------------------
Running main() from C:\Users\krove44\CLionProjects\second_laba\build\_deps\googletest-src\googletest\src\gtest_main.cc
Note: Google Test filter = ArraySequence.GetAndSet
[==========] Running 1 test from 1 test suite.
[----------] Global test environment set-up.
[----------] 1 test from ArraySequence
[ RUN      ] ArraySequence.GetAndSet
[       OK ] ArraySequence.GetAndSet (0 ms)
[----------] 1 test from ArraySequence (0 ms total)

[----------] Global test environment tear-down
[==========] 1 test from 1 test suite ran. (0 ms total)
[  PASSED  ] 1 test.
<end of output>
Test time =   0.02 sec
----------------------------------------------------------
Test Passed.
"ArraySequence.GetAndSet" end time: Apr 24 09:30 RTZ 2 (çèìà)
"ArraySequence.GetAndSet" time elapsed: 00:00:00
----------------------------------------------------------

42/80 Testing: ArraySequence.AccessExceptions
42/80 Test: ArraySequence.AccessExceptions
Command: "C:/Users/krove44/CLionProjects/second_laba/build/Debug/tests.exe" "--gtest_filter=ArraySequence.AccessExceptions" "--gtest_also_run_disabled_tests"
Directory: C:/Users/krove44/CLionProjects/second_laba/build
"ArraySequence.AccessExceptions" start time: Apr 24 09:30 RTZ 2 (çèìà)
Output:
----------------------------------------------------------
Running main() from C:\Users\krove44\CLionProjects\second_laba\build\_deps\googletest-src\googletest\src\gtest_main.cc
Note: Google Test filter = ArraySequence.AccessExceptions
[==========] Running 1 test from 1 test suite.
[----------] Global test environment set-up.
[----------] 1 test from ArraySequence
[ RUN      ] ArraySequence.AccessExceptions
[       OK ] ArraySequence.AccessExceptions (0 ms)
[----------] 1 test from ArraySequence (0 ms total)

[----------] Global test environment tear-down
[==========] 1 test from 1 test suite ran. (0 ms total)
[  PASSED  ] 1 test.
<end of output>
Test time =   0.02 sec
----------------------------------------------------------
Test Passed.
"ArraySequence.AccessExceptions" end time: Apr 24 09:30 RTZ 2 (çèìà)
"ArraySequence.AccessExceptions" time elapsed: 00:00:00
----------------------------------------------------------

43/80 Testing: ArraySequence.Append
43/80 Test: ArraySequence.Append
Command: "C:/Users/krove44/CLionProjects/second_laba/build/Debug/tests.exe" "--gtest_filter=ArraySequence.Append" "--gtest_also_run_disabled_tests"
Directory: C:/Users/krove44/CLionProjects/second_laba/build
"ArraySequence.Append" start time: Apr 24 09:30 RTZ 2 (çèìà)
Output:
----------------------------------------------------------
Running main() from C:\Users\krove44\CLionProjects\second_laba\build\_deps\googletest-src\googletest\src\gtest_main.cc
Note: Google Test filter = ArraySequence.Append
[==========] Running 1 test from 1 test suite.
[----------] Global test environment set-up.
[----------] 1 test from ArraySequence
[ RUN      ] ArraySequence.Append
[       OK ] ArraySequence.Append (0 ms)
[----------] 1 test from ArraySequence (0 ms total)

[----------] Global test environment tear-down
[==========] 1 test from 1 test suite ran. (0 ms total)
[  PASSED  ] 1 test.
<end of output>
Test time =   0.03 sec
----------------------------------------------------------
Test Passed.
"ArraySequence.Append" end time: Apr 24 09:30 RTZ 2 (çèìà)
"ArraySequence.Append" time elapsed: 00:00:00
----------------------------------------------------------

44/80 Testing: ArraySequence.Prepend
44/80 Test: ArraySequence.Prepend
Command: "C:/Users/krove44/CLionProjects/second_laba/build/Debug/tests.exe" "--gtest_filter=ArraySequence.Prepend" "--gtest_also_run_disabled_tests"
Directory: C:/Users/krove44/CLionProjects/second_laba/build
"ArraySequence.Prepend" start time: Apr 24 09:30 RTZ 2 (çèìà)
Output:
----------------------------------------------------------
Running main() from C:\Users\krove44\CLionProjects\second_laba\build\_deps\googletest-src\googletest\src\gtest_main.cc
Note: Google Test filter = ArraySequence.Prepend
[==========] Running 1 test from 1 test suite.
[----------] Global test environment set-up.
[----------] 1 test from ArraySequence
[ RUN      ] ArraySequence.Prepend
[       OK ] ArraySequence.Prepend (0 ms)
[----------] 1 test from ArraySequence (0 ms total)

[----------] Global test environment tear-down
[==========] 1 test from 1 test suite ran. (0 ms total)
[  PASSED  ] 1 test.
<end of output>
Test time =   0.02 sec
----------------------------------------------------------
Test Passed.
"ArraySequence.Prepend" end time: Apr 24 09:30 RTZ 2 (çèìà)
"ArraySequence.Prepend" time elapsed: 00:00:00
----------------------------------------------------------

45/80 Testing: ArraySequence.InsertAt
45/80 Test: ArraySequence.InsertAt
Command: "C:/Users/krove44/CLionProjects/second_laba/build/Debug/tests.exe" "--gtest_filter=ArraySequence.InsertAt" "--gtest_also_run_disabled_tests"
Directory: C:/Users/krove44/CLionProjects/second_laba/build
"ArraySequence.InsertAt" start time: Apr 24 09:30 RTZ 2 (çèìà)
Output:
----------------------------------------------------------
Running main() from C:\Users\krove44\CLionProjects\second_laba\build\_deps\googletest-src\googletest\src\gtest_main.cc
Note: Google Test filter = ArraySequence.InsertAt
[==========] Running 1 test from 1 test suite.
[----------] Global test environment set-up.
[----------] 1 test from ArraySequence
[ RUN      ] ArraySequence.InsertAt
[       OK ] ArraySequence.InsertAt (0 ms)
[----------] 1 test from ArraySequence (0 ms total)

[----------] Global test environment tear-down
[==========] 1 test from 1 test suite ran. (0 ms total)
[  PASSED  ] 1 test.
<end of output>
Test time =   0.03 sec
----------------------------------------------------------
Test Passed.
"ArraySequence.InsertAt" end time: Apr 24 09:30 RTZ 2 (çèìà)
"ArraySequence.InsertAt" time elapsed: 00:00:00
----------------------------------------------------------

46/80 Testing: ArraySequence.InsertAtExceptions
46/80 Test: ArraySequence.InsertAtExceptions
Command: "C:/Users/krove44/CLionProjects/second_laba/build/Debug/tests.exe" "--gtest_filter=ArraySequence.InsertAtExceptions" "--gtest_also_run_disabled_tests"
Directory: C:/Users/krove44/CLionProjects/second_laba/build
"ArraySequence.InsertAtExceptions" start time: Apr 24 09:30 RTZ 2 (çèìà)
Output:
----------------------------------------------------------
Running main() from C:\Users\krove44\CLionProjects\second_laba\build\_deps\googletest-src\googletest\src\gtest_main.cc
Note: Google Test filter = ArraySequence.InsertAtExceptions
[==========] Running 1 test from 1 test suite.
[----------] Global test environment set-up.
[----------] 1 test from ArraySequence
[ RUN      ] ArraySequence.InsertAtExceptions
[       OK ] ArraySequence.InsertAtExceptions (0 ms)
[----------] 1 test from ArraySequence (0 ms total)

[----------] Global test environment tear-down
[==========] 1 test from 1 test suite ran. (0 ms total)
[  PASSED  ] 1 test.
<end of output>
Test time =   0.02 sec
----------------------------------------------------------
Test Passed.
"ArraySequence.InsertAtExceptions" end time: Apr 24 09:30 RTZ 2 (çèìà)
"ArraySequence.InsertAtExceptions" time elapsed: 00:00:00
----------------------------------------------------------

47/80 Testing: ArraySequence.GetSubsequence
47/80 Test: ArraySequence.GetSubsequence
Command: "C:/Users/krove44/CLionProjects/second_laba/build/Debug/tests.exe" "--gtest_filter=ArraySequence.GetSubsequence" "--gtest_also_run_disabled_tests"
Directory: C:/Users/krove44/CLionProjects/second_laba/build
"ArraySequence.GetSubsequence" start time: Apr 24 09:30 RTZ 2 (çèìà)
Output:
----------------------------------------------------------
Running main() from C:\Users\krove44\CLionProjects\second_laba\build\_deps\googletest-src\googletest\src\gtest_main.cc
Note: Google Test filter = ArraySequence.GetSubsequence
[==========] Running 1 test from 1 test suite.
[----------] Global test environment set-up.
[----------] 1 test from ArraySequence
[ RUN      ] ArraySequence.GetSubsequence
[       OK ] ArraySequence.GetSubsequence (0 ms)
[----------] 1 test from ArraySequence (0 ms total)

[----------] Global test environment tear-down
[==========] 1 test from 1 test suite ran. (0 ms total)
[  PASSED  ] 1 test.
<end of output>
Test time =   0.02 sec
----------------------------------------------------------
Test Passed.
"ArraySequence.GetSubsequence" end time: Apr 24 09:30 RTZ 2 (çèìà)
"ArraySequence.GetSubsequence" time elapsed: 00:00:00
----------------------------------------------------------

48/80 Testing: ArraySequence.GetSubsequenceExceptions
48/80 Test: ArraySequence.GetSubsequenceExceptions
Command: "C:/Users/krove44/CLionProjects/second_laba/build/Debug/tests.exe" "--gtest_filter=ArraySequence.GetSubsequenceExceptions" "--gtest_also_run_disabled_tests"
Directory: C:/Users/krove44/CLionProjects/second_laba/build
"ArraySequence.GetSubsequenceExceptions" start time: Apr 24 09:30 RTZ 2 (çèìà)
Output:
----------------------------------------------------------
Running main() from C:\Users\krove44\CLionProjects\second_laba\build\_deps\googletest-src\googletest\src\gtest_main.cc
Note: Google Test filter = ArraySequence.GetSubsequenceExceptions
[==========] Running 1 test from 1 test suite.
[----------] Global test environment set-up.
[----------] 1 test from ArraySequence
[ RUN      ] ArraySequence.GetSubsequenceExceptions
[       OK ] ArraySequence.GetSubsequenceExceptions (0 ms)
[----------] 1 test from ArraySequence (0 ms total)

[----------] Global test environment tear-down
[==========] 1 test from 1 test suite ran. (0 ms total)
[  PASSED  ] 1 test.
<end of output>
Test time =   0.02 sec
----------------------------------------------------------
Test Passed.
"ArraySequence.GetSubsequenceExceptions" end time: Apr 24 09:30 RTZ 2 (çèìà)
"ArraySequence.GetSubsequenceExceptions" time elapsed: 00:00:00
----------------------------------------------------------

49/80 Testing: ArraySequence.Concat
49/80 Test: ArraySequence.Concat
Command: "C:/Users/krove44/CLionProjects/second_laba/build/Debug/tests.exe" "--gtest_filter=ArraySequence.Concat" "--gtest_also_run_disabled_tests"
Directory: C:/Users/krove44/CLionProjects/second_laba/build
"ArraySequence.Concat" start time: Apr 24 09:30 RTZ 2 (çèìà)
Output:
----------------------------------------------------------
Running main() from C:\Users\krove44\CLionProjects\second_laba\build\_deps\googletest-src\googletest\src\gtest_main.cc
Note: Google Test filter = ArraySequence.Concat
[==========] Running 1 test from 1 test suite.
[----------] Global test environment set-up.
[----------] 1 test from ArraySequence
[ RUN      ] ArraySequence.Concat
[       OK ] ArraySequence.Concat (0 ms)
[----------] 1 test from ArraySequence (0 ms total)

[----------] Global test environment tear-down
[==========] 1 test from 1 test suite ran. (0 ms total)
[  PASSED  ] 1 test.
<end of output>
Test time =   0.03 sec
----------------------------------------------------------
Test Passed.
"ArraySequence.Concat" end time: Apr 24 09:30 RTZ 2 (çèìà)
"ArraySequence.Concat" time elapsed: 00:00:00
----------------------------------------------------------

50/80 Testing: ArraySequence.ConcatNullOrEmpty
50/80 Test: ArraySequence.ConcatNullOrEmpty
Command: "C:/Users/krove44/CLionProjects/second_laba/build/Debug/tests.exe" "--gtest_filter=ArraySequence.ConcatNullOrEmpty" "--gtest_also_run_disabled_tests"
Directory: C:/Users/krove44/CLionProjects/second_laba/build
"ArraySequence.ConcatNullOrEmpty" start time: Apr 24 09:30 RTZ 2 (çèìà)
Output:
----------------------------------------------------------
Running main() from C:\Users\krove44\CLionProjects\second_laba\build\_deps\googletest-src\googletest\src\gtest_main.cc
Note: Google Test filter = ArraySequence.ConcatNullOrEmpty
[==========] Running 1 test from 1 test suite.
[----------] Global test environment set-up.
[----------] 1 test from ArraySequence
[ RUN      ] ArraySequence.ConcatNullOrEmpty
[       OK ] ArraySequence.ConcatNullOrEmpty (0 ms)
[----------] 1 test from ArraySequence (0 ms total)

[----------] Global test environment tear-down
[==========] 1 test from 1 test suite ran. (0 ms total)
[  PASSED  ] 1 test.
<end of output>
Test time =   0.02 sec
----------------------------------------------------------
Test Passed.
"ArraySequence.ConcatNullOrEmpty" end time: Apr 24 09:30 RTZ 2 (çèìà)
"ArraySequence.ConcatNullOrEmpty" time elapsed: 00:00:00
----------------------------------------------------------

51/80 Testing: ListSequence.DefaultConstructor
51/80 Test: ListSequence.DefaultConstructor
Command: "C:/Users/krove44/CLionProjects/second_laba/build/Debug/tests.exe" "--gtest_filter=ListSequence.DefaultConstructor" "--gtest_also_run_disabled_tests"
Directory: C:/Users/krove44/CLionProjects/second_laba/build
"ListSequence.DefaultConstructor" start time: Apr 24 09:30 RTZ 2 (çèìà)
Output:
----------------------------------------------------------
Running main() from C:\Users\krove44\CLionProjects\second_laba\build\_deps\googletest-src\googletest\src\gtest_main.cc
Note: Google Test filter = ListSequence.DefaultConstructor
[==========] Running 1 test from 1 test suite.
[----------] Global test environment set-up.
[----------] 1 test from ListSequence
[ RUN      ] ListSequence.DefaultConstructor
[       OK ] ListSequence.DefaultConstructor (0 ms)
[----------] 1 test from ListSequence (0 ms total)

[----------] Global test environment tear-down
[==========] 1 test from 1 test suite ran. (0 ms total)
[  PASSED  ] 1 test.
<end of output>
Test time =   0.03 sec
----------------------------------------------------------
Test Passed.
"ListSequence.DefaultConstructor" end time: Apr 24 09:30 RTZ 2 (çèìà)
"ListSequence.DefaultConstructor" time elapsed: 00:00:00
----------------------------------------------------------

52/80 Testing: ListSequence.FromLinkedListConstructor
52/80 Test: ListSequence.FromLinkedListConstructor
Command: "C:/Users/krove44/CLionProjects/second_laba/build/Debug/tests.exe" "--gtest_filter=ListSequence.FromLinkedListConstructor" "--gtest_also_run_disabled_tests"
Directory: C:/Users/krove44/CLionProjects/second_laba/build
"ListSequence.FromLinkedListConstructor" start time: Apr 24 09:30 RTZ 2 (çèìà)
Output:
----------------------------------------------------------
Running main() from C:\Users\krove44\CLionProjects\second_laba\build\_deps\googletest-src\googletest\src\gtest_main.cc
Note: Google Test filter = ListSequence.FromLinkedListConstructor
[==========] Running 1 test from 1 test suite.
[----------] Global test environment set-up.
[----------] 1 test from ListSequence
[ RUN      ] ListSequence.FromLinkedListConstructor
[       OK ] ListSequence.FromLinkedListConstructor (0 ms)
[----------] 1 test from ListSequence (0 ms total)

[----------] Global test environment tear-down
[==========] 1 test from 1 test suite ran. (0 ms total)
[  PASSED  ] 1 test.
<end of output>
Test time =   0.02 sec
----------------------------------------------------------
Test Passed.
"ListSequence.FromLinkedListConstructor" end time: Apr 24 09:30 RTZ 2 (çèìà)
"ListSequence.FromLinkedListConstructor" time elapsed: 00:00:00
----------------------------------------------------------

53/80 Testing: ListSequence.CopyConstructor
53/80 Test: ListSequence.CopyConstructor
Command: "C:/Users/krove44/CLionProjects/second_laba/build/Debug/tests.exe" "--gtest_filter=ListSequence.CopyConstructor" "--gtest_also_run_disabled_tests"
Directory: C:/Users/krove44/CLionProjects/second_laba/build
"ListSequence.CopyConstructor" start time: Apr 24 09:30 RTZ 2 (çèìà)
Output:
----------------------------------------------------------
Running main() from C:\Users\krove44\CLionProjects\second_laba\build\_deps\googletest-src\googletest\src\gtest_main.cc
Note: Google Test filter = ListSequence.CopyConstructor
[==========] Running 1 test from 1 test suite.
[----------] Global test environment set-up.
[----------] 1 test from ListSequence
[ RUN      ] ListSequence.CopyConstructor
[       OK ] ListSequence.CopyConstructor (0 ms)
[----------] 1 test from ListSequence (0 ms total)

[----------] Global test environment tear-down
[==========] 1 test from 1 test suite ran. (0 ms total)
[  PASSED  ] 1 test.
<end of output>
Test time =   0.02 sec
----------------------------------------------------------
Test Passed.
"ListSequence.CopyConstructor" end time: Apr 24 09:30 RTZ 2 (çèìà)
"ListSequence.CopyConstructor" time elapsed: 00:00:00
----------------------------------------------------------

54/80 Testing: ListSequence.MoveConstructor
54/80 Test: ListSequence.MoveConstructor
Command: "C:/Users/krove44/CLionProjects/second_laba/build/Debug/tests.exe" "--gtest_filter=ListSequence.MoveConstructor" "--gtest_also_run_disabled_tests"
Directory: C:/Users/krove44/CLionProjects/second_laba/build
"ListSequence.MoveConstructor" start time: Apr 24 09:30 RTZ 2 (çèìà)
Output:
----------------------------------------------------------
Running main() from C:\Users\krove44\CLionProjects\second_laba\build\_deps\googletest-src\googletest\src\gtest_main.cc
Note: Google Test filter = ListSequence.MoveConstructor
[==========] Running 1 test from 1 test suite.
[----------] Global test environment set-up.
[----------] 1 test from ListSequence
[ RUN      ] ListSequence.MoveConstructor
[       OK ] ListSequence.MoveConstructor (0 ms)
[----------] 1 test from ListSequence (0 ms total)

[----------] Global test environment tear-down
[==========] 1 test from 1 test suite ran. (0 ms total)
[  PASSED  ] 1 test.
<end of output>
Test time =   0.02 sec
----------------------------------------------------------
Test Passed.
"ListSequence.MoveConstructor" end time: Apr 24 09:30 RTZ 2 (çèìà)
"ListSequence.MoveConstructor" time elapsed: 00:00:00
----------------------------------------------------------

55/80 Testing: ListSequence.GetFirstAndLast
55/80 Test: ListSequence.GetFirstAndLast
Command: "C:/Users/krove44/CLionProjects/second_laba/build/Debug/tests.exe" "--gtest_filter=ListSequence.GetFirstAndLast" "--gtest_also_run_disabled_tests"
Directory: C:/Users/krove44/CLionProjects/second_laba/build
"ListSequence.GetFirstAndLast" start time: Apr 24 09:30 RTZ 2 (çèìà)
Output:
----------------------------------------------------------
Running main() from C:\Users\krove44\CLionProjects\second_laba\build\_deps\googletest-src\googletest\src\gtest_main.cc
Note: Google Test filter = ListSequence.GetFirstAndLast
[==========] Running 1 test from 1 test suite.
[----------] Global test environment set-up.
[----------] 1 test from ListSequence
[ RUN      ] ListSequence.GetFirstAndLast
[       OK ] ListSequence.GetFirstAndLast (0 ms)
[----------] 1 test from ListSequence (0 ms total)

[----------] Global test environment tear-down
[==========] 1 test from 1 test suite ran. (0 ms total)
[  PASSED  ] 1 test.
<end of output>
Test time =   0.02 sec
----------------------------------------------------------
Test Passed.
"ListSequence.GetFirstAndLast" end time: Apr 24 09:30 RTZ 2 (çèìà)
"ListSequence.GetFirstAndLast" time elapsed: 00:00:00
----------------------------------------------------------

56/80 Testing: ListSequence.GetByIndex
56/80 Test: ListSequence.GetByIndex
Command: "C:/Users/krove44/CLionProjects/second_laba/build/Debug/tests.exe" "--gtest_filter=ListSequence.GetByIndex" "--gtest_also_run_disabled_tests"
Directory: C:/Users/krove44/CLionProjects/second_laba/build
"ListSequence.GetByIndex" start time: Apr 24 09:30 RTZ 2 (çèìà)
Output:
----------------------------------------------------------
Running main() from C:\Users\krove44\CLionProjects\second_laba\build\_deps\googletest-src\googletest\src\gtest_main.cc
Note: Google Test filter = ListSequence.GetByIndex
[==========] Running 1 test from 1 test suite.
[----------] Global test environment set-up.
[----------] 1 test from ListSequence
[ RUN      ] ListSequence.GetByIndex
[       OK ] ListSequence.GetByIndex (0 ms)
[----------] 1 test from ListSequence (0 ms total)

[----------] Global test environment tear-down
[==========] 1 test from 1 test suite ran. (0 ms total)
[  PASSED  ] 1 test.
<end of output>
Test time =   0.02 sec
----------------------------------------------------------
Test Passed.
"ListSequence.GetByIndex" end time: Apr 24 09:30 RTZ 2 (çèìà)
"ListSequence.GetByIndex" time elapsed: 00:00:00
----------------------------------------------------------

57/80 Testing: ListSequence.AccessExceptions
57/80 Test: ListSequence.AccessExceptions
Command: "C:/Users/krove44/CLionProjects/second_laba/build/Debug/tests.exe" "--gtest_filter=ListSequence.AccessExceptions" "--gtest_also_run_disabled_tests"
Directory: C:/Users/krove44/CLionProjects/second_laba/build
"ListSequence.AccessExceptions" start time: Apr 24 09:30 RTZ 2 (çèìà)
Output:
----------------------------------------------------------
Running main() from C:\Users\krove44\CLionProjects\second_laba\build\_deps\googletest-src\googletest\src\gtest_main.cc
Note: Google Test filter = ListSequence.AccessExceptions
[==========] Running 1 test from 1 test suite.
[----------] Global test environment set-up.
[----------] 1 test from ListSequence
[ RUN      ] ListSequence.AccessExceptions
[       OK ] ListSequence.AccessExceptions (0 ms)
[----------] 1 test from ListSequence (0 ms total)

[----------] Global test environment tear-down
[==========] 1 test from 1 test suite ran. (0 ms total)
[  PASSED  ] 1 test.
<end of output>
Test time =   0.03 sec
----------------------------------------------------------
Test Passed.
"ListSequence.AccessExceptions" end time: Apr 24 09:30 RTZ 2 (çèìà)
"ListSequence.AccessExceptions" time elapsed: 00:00:00
----------------------------------------------------------

58/80 Testing: ListSequence.AppendAndPrepend
58/80 Test: ListSequence.AppendAndPrepend
Command: "C:/Users/krove44/CLionProjects/second_laba/build/Debug/tests.exe" "--gtest_filter=ListSequence.AppendAndPrepend" "--gtest_also_run_disabled_tests"
Directory: C:/Users/krove44/CLionProjects/second_laba/build
"ListSequence.AppendAndPrepend" start time: Apr 24 09:30 RTZ 2 (çèìà)
Output:
----------------------------------------------------------
Running main() from C:\Users\krove44\CLionProjects\second_laba\build\_deps\googletest-src\googletest\src\gtest_main.cc
Note: Google Test filter = ListSequence.AppendAndPrepend
[==========] Running 1 test from 1 test suite.
[----------] Global test environment set-up.
[----------] 1 test from ListSequence
[ RUN      ] ListSequence.AppendAndPrepend
[       OK ] ListSequence.AppendAndPrepend (0 ms)
[----------] 1 test from ListSequence (0 ms total)

[----------] Global test environment tear-down
[==========] 1 test from 1 test suite ran. (0 ms total)
[  PASSED  ] 1 test.
<end of output>
Test time =   0.03 sec
----------------------------------------------------------
Test Passed.
"ListSequence.AppendAndPrepend" end time: Apr 24 09:30 RTZ 2 (çèìà)
"ListSequence.AppendAndPrepend" time elapsed: 00:00:00
----------------------------------------------------------

59/80 Testing: ListSequence.InsertAt
59/80 Test: ListSequence.InsertAt
Command: "C:/Users/krove44/CLionProjects/second_laba/build/Debug/tests.exe" "--gtest_filter=ListSequence.InsertAt" "--gtest_also_run_disabled_tests"
Directory: C:/Users/krove44/CLionProjects/second_laba/build
"ListSequence.InsertAt" start time: Apr 24 09:30 RTZ 2 (çèìà)
Output:
----------------------------------------------------------
Running main() from C:\Users\krove44\CLionProjects\second_laba\build\_deps\googletest-src\googletest\src\gtest_main.cc
Note: Google Test filter = ListSequence.InsertAt
[==========] Running 1 test from 1 test suite.
[----------] Global test environment set-up.
[----------] 1 test from ListSequence
[ RUN      ] ListSequence.InsertAt
[       OK ] ListSequence.InsertAt (0 ms)
[----------] 1 test from ListSequence (0 ms total)

[----------] Global test environment tear-down
[==========] 1 test from 1 test suite ran. (0 ms total)
[  PASSED  ] 1 test.
<end of output>
Test time =   0.02 sec
----------------------------------------------------------
Test Passed.
"ListSequence.InsertAt" end time: Apr 24 09:30 RTZ 2 (çèìà)
"ListSequence.InsertAt" time elapsed: 00:00:00
----------------------------------------------------------

60/80 Testing: ListSequence.InsertAtExceptions
60/80 Test: ListSequence.InsertAtExceptions
Command: "C:/Users/krove44/CLionProjects/second_laba/build/Debug/tests.exe" "--gtest_filter=ListSequence.InsertAtExceptions" "--gtest_also_run_disabled_tests"
Directory: C:/Users/krove44/CLionProjects/second_laba/build
"ListSequence.InsertAtExceptions" start time: Apr 24 09:30 RTZ 2 (çèìà)
Output:
----------------------------------------------------------
Running main() from C:\Users\krove44\CLionProjects\second_laba\build\_deps\googletest-src\googletest\src\gtest_main.cc
Note: Google Test filter = ListSequence.InsertAtExceptions
[==========] Running 1 test from 1 test suite.
[----------] Global test environment set-up.
[----------] 1 test from ListSequence
[ RUN      ] ListSequence.InsertAtExceptions
[       OK ] ListSequence.InsertAtExceptions (0 ms)
[----------] 1 test from ListSequence (0 ms total)

[----------] Global test environment tear-down
[==========] 1 test from 1 test suite ran. (0 ms total)
[  PASSED  ] 1 test.
<end of output>
Test time =   0.03 sec
----------------------------------------------------------
Test Passed.
"ListSequence.InsertAtExceptions" end time: Apr 24 09:30 RTZ 2 (çèìà)
"ListSequence.InsertAtExceptions" time elapsed: 00:00:00
----------------------------------------------------------

61/80 Testing: ListSequence.GetSubsequence
61/80 Test: ListSequence.GetSubsequence
Command: "C:/Users/krove44/CLionProjects/second_laba/build/Debug/tests.exe" "--gtest_filter=ListSequence.GetSubsequence" "--gtest_also_run_disabled_tests"
Directory: C:/Users/krove44/CLionProjects/second_laba/build
"ListSequence.GetSubsequence" start time: Apr 24 09:30 RTZ 2 (çèìà)
Output:
----------------------------------------------------------
Running main() from C:\Users\krove44\CLionProjects\second_laba\build\_deps\googletest-src\googletest\src\gtest_main.cc
Note: Google Test filter = ListSequence.GetSubsequence
[==========] Running 1 test from 1 test suite.
[----------] Global test environment set-up.
[----------] 1 test from ListSequence
[ RUN      ] ListSequence.GetSubsequence
[       OK ] ListSequence.GetSubsequence (0 ms)
[----------] 1 test from ListSequence (0 ms total)

[----------] Global test environment tear-down
[==========] 1 test from 1 test suite ran. (0 ms total)
[  PASSED  ] 1 test.
<end of output>
Test time =   0.02 sec
----------------------------------------------------------
Test Passed.
"ListSequence.GetSubsequence" end time: Apr 24 09:30 RTZ 2 (çèìà)
"ListSequence.GetSubsequence" time elapsed: 00:00:00
----------------------------------------------------------

62/80 Testing: ListSequence.GetSubsequenceExceptions
62/80 Test: ListSequence.GetSubsequenceExceptions
Command: "C:/Users/krove44/CLionProjects/second_laba/build/Debug/tests.exe" "--gtest_filter=ListSequence.GetSubsequenceExceptions" "--gtest_also_run_disabled_tests"
Directory: C:/Users/krove44/CLionProjects/second_laba/build
"ListSequence.GetSubsequenceExceptions" start time: Apr 24 09:30 RTZ 2 (çèìà)
Output:
----------------------------------------------------------
Running main() from C:\Users\krove44\CLionProjects\second_laba\build\_deps\googletest-src\googletest\src\gtest_main.cc
Note: Google Test filter = ListSequence.GetSubsequenceExceptions
[==========] Running 1 test from 1 test suite.
[----------] Global test environment set-up.
[----------] 1 test from ListSequence
[ RUN      ] ListSequence.GetSubsequenceExceptions
[       OK ] ListSequence.GetSubsequenceExceptions (0 ms)
[----------] 1 test from ListSequence (0 ms total)

[----------] Global test environment tear-down
[==========] 1 test from 1 test suite ran. (0 ms total)
[  PASSED  ] 1 test.
[...]
<end of output>
Test time =   0.02 sec
----------------------------------------------------------
Test Passed.
"ImmutableArraySequence.SizeConstructor" end time: Apr 24 09:30 RTZ 2 (çèìà)
"ImmutableArraySequence.SizeConstructor" time elapsed: 00:00:00
----------------------------------------------------------

67/80 Testing: ImmutableArraySequence.FromArrayConstructor
67/80 Test: ImmutableArraySequence.FromArrayConstructor
Command: "C:/Users/krove44/CLionProjects/second_laba/build/Debug/tests.exe" "--gtest_filter=ImmutableArraySequence.FromArrayConstructor" "--gtest_also_run_disabled_tests"
Directory: C:/Users/krove44/CLionProjects/second_laba/build
"ImmutableArraySequence.FromArrayConstructor" start time: Apr 24 09:30 RTZ 2 (çèìà)
Output:
----------------------------------------------------------
Running main() from C:\Users\krove44\CLionProjects\second_laba\build\_deps\googletest-src\googletest\src\gtest_main.cc
Note: Google Test filter = ImmutableArraySequence.FromArrayConstructor
[==========] Running 1 test from 1 test suite.
[----------] Global test environment set-up.
[----------] 1 test from ImmutableArraySequence
[ RUN      ] ImmutableArraySequence.FromArrayConstructor
[       OK ] ImmutableArraySequence.FromArrayConstructor (0 ms)
[----------] 1 test from ImmutableArraySequence (0 ms total)

[----------] Global test environment tear-down
[==========] 1 test from 1 test suite ran. (0 ms total)
[  PASSED  ] 1 test.
<end of output>
Test time =   0.02 sec
----------------------------------------------------------
Test Passed.
"ImmutableArraySequence.FromArrayConstructor" end time: Apr 24 09:30 RTZ 2 (çèìà)
"ImmutableArraySequence.FromArrayConstructor" time elapsed: 00:00:00
----------------------------------------------------------

68/80 Testing: ImmutableArraySequence.CopyConstructor
68/80 Test: ImmutableArraySequence.CopyConstructor
Command: "C:/Users/krove44/CLionProjects/second_laba/build/Debug/tests.exe" "--gtest_filter=ImmutableArraySequence.CopyConstructor" "--gtest_also_run_disabled_tests"
Directory: C:/Users/krove44/CLionProjects/second_laba/build
"ImmutableArraySequence.CopyConstructor" start time: Apr 24 09:30 RTZ 2 (çèìà)
Output:
----------------------------------------------------------
Running main() from C:\Users\krove44\CLionProjects\second_laba\build\_deps\googletest-src\googletest\src\gtest_main.cc
Note: Google Test filter = ImmutableArraySequence.CopyConstructor
[==========] Running 1 test from 1 test suite.
[----------] Global test environment set-up.
[----------] 1 test from ImmutableArraySequence
[ RUN      ] ImmutableArraySequence.CopyConstructor
[       OK ] ImmutableArraySequence.CopyConstructor (0 ms)
[----------] 1 test from ImmutableArraySequence (0 ms total)

[----------] Global test environment tear-down
[==========] 1 test from 1 test suite ran. (0 ms total)
[  PASSED  ] 1 test.
<end of output>
Test time =   0.02 sec
----------------------------------------------------------
Test Passed.
"ImmutableArraySequence.CopyConstructor" end time: Apr 24 09:30 RTZ 2 (çèìà)
"ImmutableArraySequence.CopyConstructor" time elapsed: 00:00:00
----------------------------------------------------------

69/80 Testing: ImmutableArraySequence.ConstructorExceptions
69/80 Test: ImmutableArraySequence.ConstructorExceptions
Command: "C:/Users/krove44/CLionProjects/second_laba/build/Debug/tests.exe" "--gtest_filter=ImmutableArraySequence.ConstructorExceptions" "--gtest_also_run_disabled_tests"
Directory: C:/Users/krove44/CLionProjects/second_laba/build
"ImmutableArraySequence.ConstructorExceptions" start time: Apr 24 09:30 RTZ 2 (çèìà)
Output:
----------------------------------------------------------
Running main() from C:\Users\krove44\CLionProjects\second_laba\build\_deps\googletest-src\googletest\src\gtest_main.cc
Note: Google Test filter = ImmutableArraySequence.ConstructorExceptions
[==========] Running 1 test from 1 test suite.
[----------] Global test environment set-up.
[----------] 1 test from ImmutableArraySequence
[ RUN      ] ImmutableArraySequence.ConstructorExceptions
[       OK ] ImmutableArraySequence.ConstructorExceptions (0 ms)
[----------] 1 test from ImmutableArraySequence (0 ms total)

[----------] Global test environment tear-down
[==========] 1 test from 1 test suite ran. (0 ms total)
[  PASSED  ] 1 test.
<end of output>
Test time =   0.02 sec
----------------------------------------------------------
Test Passed.
"ImmutableArraySequence.ConstructorExceptions" end time: Apr 24 09:30 RTZ 2 (çèìà)
"ImmutableArraySequence.ConstructorExceptions" time elapsed: 00:00:00
----------------------------------------------------------

70/80 Testing: ImmutableArraySequence.GetFirstAndLast
70/80 Test: ImmutableArraySequence.GetFirstAndLast
Command: "C:/Users/krove44/CLionProjects/second_laba/build/Debug/tests.exe" "--gtest_filter=ImmutableArraySequence.GetFirstAndLast" "--gtest_also_run_disabled_tests"
Directory: C:/Users/krove44/CLionProjects/second_laba/build
"ImmutableArraySequence.GetFirstAndLast" start time: Apr 24 09:30 RTZ 2 (çèìà)
Output:
----------------------------------------------------------
Running main() from C:\Users\krove44\CLionProjects\second_laba\build\_deps\googletest-src\googletest\src\gtest_main.cc
Note: Google Test filter = ImmutableArraySequence.GetFirstAndLast
[==========] Running 1 test from 1 test suite.
[----------] Global test environment set-up.
[----------] 1 test from ImmutableArraySequence
[ RUN      ] ImmutableArraySequence.GetFirstAndLast
[       OK ] ImmutableArraySequence.GetFirstAndLast (0 ms)
[----------] 1 test from ImmutableArraySequence (0 ms total)

[----------] Global test environment tear-down
[==========] 1 test from 1 test suite ran. (0 ms total)
[  PASSED  ] 1 test.
<end of output>
Test time =   0.02 sec
----------------------------------------------------------
Test Passed.
"ImmutableArraySequence.GetFirstAndLast" end time: Apr 24 09:30 RTZ 2 (çèìà)
"ImmutableArraySequence.GetFirstAndLast" time elapsed: 00:00:00
----------------------------------------------------------

71/80 Testing: ImmutableArraySequence.GetAndSet
71/80 Test: ImmutableArraySequence.GetAndSet
Command: "C:/Users/krove44/CLionProjects/second_laba/build/Debug/tests.exe" "--gtest_filter=ImmutableArraySequence.GetAndSet" "--gtest_also_run_disabled_tests"
Directory: C:/Users/krove44/CLionProjects/second_laba/build
"ImmutableArraySequence.GetAndSet" start time: Apr 24 09:30 RTZ 2 (çèìà)
Output:
----------------------------------------------------------
Running main() from C:\Users\krove44\CLionProjects\second_laba\build\_deps\googletest-src\googletest\src\gtest_main.cc
Note: Google Test filter = ImmutableArraySequence.GetAndSet
[==========] Running 1 test from 1 test suite.
[----------] Global test environment set-up.
[----------] 1 test from ImmutableArraySequence
[ RUN      ] ImmutableArraySequence.GetAndSet
[       OK ] ImmutableArraySequence.GetAndSet (0 ms)
[----------] 1 test from ImmutableArraySequence (0 ms total)

[----------] Global test environment tear-down
[==========] 1 test from 1 test suite ran. (0 ms total)
[  PASSED  ] 1 test.
<end of output>
Test time =   0.02 sec
----------------------------------------------------------
Test Passed.
"ImmutableArraySequence.GetAndSet" end time: Apr 24 09:30 RTZ 2 (çèìà)
"ImmutableArraySequence.GetAndSet" time elapsed: 00:00:00
----------------------------------------------------------

72/80 Testing: ImmutableArraySequence.AccessExceptions
72/80 Test: ImmutableArraySequence.AccessExceptions
Command: "C:/Users/krove44/CLionProjects/second_laba/build/Debug/tests.exe" "--gtest_filter=ImmutableArraySequence.AccessExceptions" "--gtest_also_run_disabled_tests"
Directory: C:/Users/krove44/CLionProjects/second_laba/build
"ImmutableArraySequence.AccessExceptions" start time: Apr 24 09:30 RTZ 2 (çèìà)
Output:
----------------------------------------------------------
Running main() from C:\Users\krove44\CLionProjects\second_laba\build\_deps\googletest-src\googletest\src\gtest_main.cc
Note: Google Test filter = ImmutableArraySequence.AccessExceptions
[==========] Running 1 test from 1 test suite.
[----------] Global test environment set-up.
[----------] 1 test from ImmutableArraySequence
[ RUN      ] ImmutableArraySequence.AccessExceptions
[       OK ] ImmutableArraySequence.AccessExceptions (0 ms)
[----------] 1 test from ImmutableArraySequence (0 ms total)

[----------] Global test environment tear-down
[==========] 1 test from 1 test suite ran. (0 ms total)
[  PASSED  ] 1 test.
<end of output>
Test time =   0.02 sec
----------------------------------------------------------
Test Passed.
"ImmutableArraySequence.AccessExceptions" end time: Apr 24 09:30 RTZ 2 (çèìà)
"ImmutableArraySequence.AccessExceptions" time elapsed: 00:00:00
----------------------------------------------------------

73/80 Testing: ImmutableArraySequence.Append
73/80 Test: ImmutableArraySequence.Append
Command: "C:/Users/krove44/CLionProjects/second_laba/build/Debug/tests.exe" "--gtest_filter=ImmutableArraySequence.Append" "--gtest_also_run_disabled_tests"
Directory: C:/Users/krove44/CLionProjects/second_laba/build
"ImmutableArraySequence.Append" start time: Apr 24 09:30 RTZ 2 (çèìà)
Output:
----------------------------------------------------------
Running main() from C:\Users\krove44\CLionProjects\second_laba\build\_deps\googletest-src\googletest\src\gtest_main.cc
Note: Google Test filter = ImmutableArraySequence.Append
[==========] Running 1 test from 1 test suite.
[----------] Global test environment set-up.
[----------] 1 test from ImmutableArraySequence
[ RUN      ] ImmutableArraySequence.Append
[       OK ] ImmutableArraySequence.Append (0 ms)
[----------] 1 test from ImmutableArraySequence (0 ms total)

[----------] Global test environment tear-down
[==========] 1 test from 1 test suite ran. (0 ms total)
[  PASSED  ] 1 test.
<end of output>
Test time =   0.02 sec
----------------------------------------------------------
Test Passed.
"ImmutableArraySequence.Append" end time: Apr 24 09:30 RTZ 2 (çèìà)
"ImmutableArraySequence.Append" time elapsed: 00:00:00
----------------------------------------------------------

74/80 Testing: ImmutableArraySequence.Prepend
74/80 Test: ImmutableArraySequence.Prepend
Command: "C:/Users/krove44/CLionProjects/second_laba/build/Debug/tests.exe" "--gtest_filter=ImmutableArraySequence.Prepend" "--gtest_also_run_disabled_tests"
Directory: C:/Users/krove44/CLionProjects/second_laba/build
"ImmutableArraySequence.Prepend" start time: Apr 24 09:30 RTZ 2 (çèìà)
Output:
----------------------------------------------------------
Running main() from C:\Users\krove44\CLionProjects\second_laba\build\_deps\googletest-src\googletest\src\gtest_main.cc
Note: Google Test filter = ImmutableArraySequence.Prepend
[==========] Running 1 test from 1 test suite.
[----------] Global test environment set-up.
[----------] 1 test from ImmutableArraySequence
[ RUN      ] ImmutableArraySequence.Prepend
[       OK ] ImmutableArraySequence.Prepend (0 ms)
[----------] 1 test from ImmutableArraySequence (0 ms total)

[----------] Global test environment tear-down
[==========] 1 test from 1 test suite ran. (0 ms total)
[  PASSED  ] 1 test.
<end of output>
Test time =   0.02 sec
----------------------------------------------------------
Test Passed.
"ImmutableArraySequence.Prepend" end time: Apr 24 09:30 RTZ 2 (çèìà)
"ImmutableArraySequence.Prepend" time elapsed: 00:00:00
----------------------------------------------------------

75/80 Testing: ImmutableArraySequence.InsertAt
75/80 Test: ImmutableArraySequence.InsertAt
Command: "C:/Users/krove44/CLionProjects/second_laba/build/Debug/tests.exe" "--gtest_filter=ImmutableArraySequence.InsertAt" "--gtest_also_run_disabled_tests"
Directory: C:/Users/krove44/CLionProjects/second_laba/build
"ImmutableArraySequence.InsertAt" start time: Apr 24 09:30 RTZ 2 (çèìà)
Output:
----------------------------------------------------------
Running main() from C:\Users\krove44\CLionProjects\second_laba\build\_deps\googletest-src\googletest\src\gtest_main.cc
Note: Google Test filter = ImmutableArraySequence.InsertAt
[==========] Running 1 test from 1 test suite.
[----------] Global test environment set-up.
[----------] 1 test from ImmutableArraySequence
[ RUN      ] ImmutableArraySequence.InsertAt
[       OK ] ImmutableArraySequence.InsertAt (0 ms)
[----------] 1 test from ImmutableArraySequence (0 ms total)

[----------] Global test environment tear-down
[==========] 1 test from 1 test suite ran. (0 ms total)
[  PASSED  ] 1 test.
<end of output>
Test time =   0.02 sec
----------------------------------------------------------
Test Passed.
"ImmutableArraySequence.InsertAt" end time: Apr 24 09:30 RTZ 2 (çèìà)
"ImmutableArraySequence.InsertAt" time elapsed: 00:00:00
----------------------------------------------------------

76/80 Testing: ImmutableArraySequence.InsertAtExceptions
76/80 Test: ImmutableArraySequence.InsertAtExceptions
Command: "C:/Users/krove44/CLionProjects/second_laba/build/Debug/tests.exe" "--gtest_filter=ImmutableArraySequence.InsertAtExceptions" "--gtest_also_run_disabled_tests"
Directory: C:/Users/krove44/CLionProjects/second_laba/build
"ImmutableArraySequence.InsertAtExceptions" start time: Apr 24 09:30 RTZ 2 (çèìà)
Output:
----------------------------------------------------------
Running main() from C:\Users\krove44\CLionProjects\second_laba\build\_deps\googletest-src\googletest\src\gtest_main.cc
Note: Google Test filter = ImmutableArraySequence.InsertAtExceptions
[==========] Running 1 test from 1 test suite.
[----------] Global test environment set-up.
[----------] 1 test from ImmutableArraySequence
[ RUN      ] ImmutableArraySequence.InsertAtExceptions
[       OK ] ImmutableArraySequence.InsertAtExceptions (0 ms)
[----------] 1 test from ImmutableArraySequence (0 ms total)

[----------] Global test environment tear-down
[==========] 1 test from 1 test suite ran. (0 ms total)
[  PASSED  ] 1 test.
<end of output>
Test time =   0.02 sec
----------------------------------------------------------
Test Passed.
"ImmutableArraySequence.InsertAtExceptions" end time: Apr 24 09:30 RTZ 2 (çèìà)
"ImmutableArraySequence.InsertAtExceptions" time elapsed: 00:00:00
----------------------------------------------------------

77/80 Testing: ImmutableArraySequence.GetSubsequence
77/80 Test: ImmutableArraySequence.GetSubsequence
Command: "C:/Users/krove44/CLionProjects/second_laba/build/Debug/tests.exe" "--gtest_filter=ImmutableArraySequence.GetSubsequence" "--gtest_also_run_disabled_tests"
Directory: C:/Users/krove44/CLionProjects/second_laba/build
"ImmutableArraySequence.GetSubsequence" start time: Apr 24 09:30 RTZ 2 (çèìà)
Output:
----------------------------------------------------------
Running main() from C:\Users\krove44\CLionProjects\second_laba\build\_deps\googletest-src\googletest\src\gtest_main.cc
Note: Google Test filter = ImmutableArraySequence.GetSubsequence
[==========] Running 1 test from 1 test suite.
[----------] Global test environment set-up.
[----------] 1 test from ImmutableArraySequence
[ RUN      ] ImmutableArraySequence.GetSubsequence
[       OK ] ImmutableArraySequence.GetSubsequence (0 ms)
[----------] 1 test from ImmutableArraySequence (0 ms total)

[----------] Global test environment tear-down
[==========] 1 test from 1 test suite ran. (0 ms total)
[  PASSED  ] 1 test.
<end of output>
Test time =   0.02 sec
----------------------------------------------------------
Test Passed.
"ImmutableArraySequence.GetSubsequence" end time: Apr 24 09:30 RTZ 2 (çèìà)
"ImmutableArraySequence.GetSubsequence" time elapsed: 00:00:00
----------------------------------------------------------

78/80 Testing: ImmutableArraySequence.GetSubsequenceExceptions
78/80 Test: ImmutableArraySequence.GetSubsequenceExceptions
Command: "C:/Users/krove44/CLionProjects/second_laba/build/Debug/tests.exe" "--gtest_filter=ImmutableArraySequence.GetSubsequenceExceptions" "--gtest_also_run_disabled_tests"
Directory: C:/Users/krove44/CLionProjects/second_laba/build
"ImmutableArraySequence.GetSubsequenceExceptions" start time: Apr 24 09:30 RTZ 2 (çèìà)
Output:
----------------------------------------------------------
Running main() from C:\Users\krove44\CLionProjects\second_laba\build\_deps\googletest-src\googletest\src\gtest_main.cc
Note: Google Test filter = ImmutableArraySequence.GetSubsequenceExceptions
[==========] Running 1 test from 1 test suite.
[----------] Global test environment set-up.
[----------] 1 test from ImmutableArraySequence
[ RUN      ] ImmutableArraySequence.GetSubsequenceExceptions
[       OK ] ImmutableArraySequence.GetSubsequenceExceptions (0 ms)
[----------] 1 test from ImmutableArraySequence (0 ms total)

[----------] Global test environment tear-down
[==========] 1 test from 1 test suite ran. (0 ms total)
[  PASSED  ] 1 test.
<end of output>
Test time =   0.02 sec
----------------------------------------------------------
Test Passed.
"ImmutableArraySequence.GetSubsequenceExceptions" end time: Apr 24 09:30 RTZ 2 (çèìà)
"ImmutableArraySequence.GetSubsequenceExceptions" time elapsed: 00:00:00
----------------------------------------------------------

79/80 Testing: ImmutableArraySequence.Concat
79/80 Test: ImmutableArraySequence.Concat
Command: "C:/Users/krove44/CLionProjects/second_laba/build/Debug/tests.exe" "--gtest_filter=ImmutableArraySequence.Concat" "--gtest_also_run_disabled_tests"
Directory: C:/Users/krove44/CLionProjects/second_laba/build
"ImmutableArraySequence.Concat" start time: Apr 24 09:30 RTZ 2 (çèìà)
Output:
----------------------------------------------------------
Running main() from C:\Users\krove44\CLionProjects\second_laba\build\_deps\googletest-src\googletest\src\gtest_main.cc
Note: Google Test filter = ImmutableArraySequence.Concat
[==========] Running 1 test from 1 test suite.
[----------] Global test environment set-up.
[----------] 1 test from ImmutableArraySequence
[ RUN      ] ImmutableArraySequence.Concat
[       OK ] ImmutableArraySequence.Concat (0 ms)
[----------] 1 test from ImmutableArraySequence (0 ms total)

[----------] Global test environment tear-down
[==========] 1 test from 1 test suite ran. (0 ms total)
[  PASSED  ] 1 test.
<end of output>
Test time =   0.02 sec
----------------------------------------------------------
Test Passed.
"ImmutableArraySequence.Concat" end time: Apr 24 09:30 RTZ 2 (çèìà)
"ImmutableArraySequence.Concat" time elapsed: 00:00:00
----------------------------------------------------------

80/80 Testing: ImmutableArraySequence.ConcatNullOrEmpty
80/80 Test: ImmutableArraySequence.ConcatNullOrEmpty
Command: "C:/Users/krove44/CLionProjects/second_laba/build/Debug/tests.exe" "--gtest_filter=ImmutableArraySequence.ConcatNullOrEmpty" "--gtest_also_run_disabled_tests"
Directory: C:/Users/krove44/CLionProjects/second_laba/build
"ImmutableArraySequence.ConcatNullOrEmpty" start time: Apr 24 09:30 RTZ 2 (çèìà)
Output:
----------------------------------------------------------
Running main() from C:\Users\krove44\CLionProjects\second_laba\build\_deps\googletest-src\googletest\src\gtest_main.cc
Note: Google Test filter = ImmutableArraySequence.ConcatNullOrEmpty
[==========] Running 1 test from 1 test suite.
[----------] Global test environment set-up.
[----------] 1 test from ImmutableArraySequence
[ RUN      ] ImmutableArraySequence.ConcatNullOrEmpty
[       OK ] ImmutableArraySequence.ConcatNullOrEmpty (0 ms)
[----------] 1 test from ImmutableArraySequence (0 ms total)

[----------] Global test environment tear-down
[==========] 1 test from 1 test suite ran. (0 ms total)
[  PASSED  ] 1 test.
<end of output>
Test time =   0.02 sec
----------------------------------------------------------
Test Passed.
"ImmutableArraySequence.ConcatNullOrEmpty" end time: Apr 24 09:30 RTZ 2 (çèìà)
"ImmutableArraySequence.ConcatNullOrEmpty" time elapsed: 00:00:00
----------------------------------------------------------

End testing: Apr 24 09:30 RTZ 2 (çèìà)
